theleanovaausa@outlook.com
thabhelo@deepubuntu.com
ShahMumin@gmail.com
rjacobfay@gmail.com
alimezher@utexas.edu
yosefusman.work@gmail.com
optioauth@gmail.com
shojib@dojoit.com
adloader3@gmail.com
ganeshnelluri25@gmail.com
hrita4167@gmail.com
shreyatarun9@gmail.com
noelromansr1@gmail.com
ankush@rceenetworks.com
mariagrij@gmail.com
dsrtgdrrd@gmail.com
williamthomas51122@gmail.com
greenholt.maverick@go.sfcollege.edu
gatorguy76@gmail.com
sundaramurthy.raju@outlook.com
yoke.yoon@pm.me
andresss1973@gmail.com
hstuddard@protonmail.com
echeverria.valentina@gmail.com
sravan.gampa@cognizant.com
mpilgrim@esri.com
tarek.softworldit@gmail.com
kaodistribution66@gmail.com
abedoya2002@gmail.com
S3875062@students.fscj.edu
user@diplov.net
floridastateroleplayfivem22@gmail.com
manj6211820@gmail.com
rytpal.lhhd.usa@gmail.com
kgharibyan15@gmail.com
teambaddiehubit@gmail.com
arvinzakisskini@gmail.com
es-michael.glynne-jones@casuarinas.pe
luxesells82@gmail.com
audifortwebsite@outlook.com
seniorcontractsmanager@gmail.com
developer.hannahmitchell@gmail.com
urthlyon25@gmail.com
sweatandblood26@gmail.com
sarah.cramton@unh.edu
theleanovausa@outlook.com
brandontransfer2900@gmail.com
nymick123@gmail.com
steve.o.lambert@gmail.com
yannicksyriacekengaabega@gmail.com
walter.libretti@lab0.com
Nakodasteelindustry01@outlook.com
carissagetscher@gmail.com
khannguyen@clarku.edu
catherine.g.honeycutt@go.sfcollege.edu
rickey.helsel@unitedlex.com
4samwood@gmail.com
megantrans89@gmail.com
cqcairs@gmail.com
s0054457@rgare.com
alanagrowth@gmail.com
anthony@mastrean.dev
impactdigitalrecruiting@gmail.com
zkleckner@dyber.org
suzy.jones24@gmail.com
Don4474g@gmail.com
caburns@g.harvard.edu
riajur.tuhin@gmail.com
jeff.dufficy113@gmail.com
valareabradford@gmail.com
kevin@pinata.ai
reza.pourjasem@gmail.com
ceo@varahiitrades.com
sfolarin3@gatech.edu
spencer@alfatronelectronics.com
mary@begner.net
prajvalrawat22@gmail.com
najib@nhakimilaw.com
viraleco401@gmail.com
seobestpeers@gmail.com
cunninghamclinic01@gmail.com
muhammad.awais@strongestlayer.ai
getgoodlab9@gmail.com
thetrimologyusa@outlook.com
kalebjase427@outlook.com
voiceofthepets@gmail.com
marioguzman851@gmail.com
scott@elementarysoftware.com
greg@ycollide.com
annaliza.marks@filigran.io
kwalders@datarecognitioncorp.com
john@scoutos.com
skyemesser18@gmail.com
stephanie.yost1@go.sfcollege.edu
funkelain078@gmail.com
markjohn43534@gmail.com
silensenseusa@outlook.com
gitter@grape-krueger.com
dev@med-stop.com
anila.dehradun@gmail.com
elyonimran@gmail.com
seobulbul48@gmail.com
mechelle.mccray@gmail.com
bayliferestoration5@gmail.com
sehejhearndon82195192@gmail.com
ameer.ali.ghazi2@gmail.com
plantavida12@gmail.com
login_58koala@icloud.com
boothbuilderexpo@gmail.com
citation.officerpatrol@gmail.com
kushwahpriyanshu095@gmail.com
supremegreendiamond@gmail.com
chuck.youse@gmail.com
illumine.app1@gmail.com
sayllnauxoofer@gmail.com
owen@tutoringwithowen.com
garvsbn@gmail.com
D0CS4V4GE@proton.me
todd.ellermann@equitymethods.com
marcelloussearcy1@gmail.com
Uniquestar2025@outlook.com
farouhmalik@gmail.com
bradley.hogue@genieai.io
nativeinsteadranch1@gmail.com
ruta.matuleviciute@miu.edu
davidwilliam41531@gmail.com
kamlesh.todai@petrabytes.com
businessacquisitions9@gmail.com
iqrabsource12@gmail.com
NIck@xformit.net
kaymeg969@gmail.com
juliakleberrr@gmail.com
stephena.whelanphd@gmail.com
devin.freeman@cgi.com
hannahlouisecullen@gmail.com
majid.shakeri.phd@gmail.com
wenzeljam@yahoo.com
elitecouponhub@gmail.com
fictionnontheedge@gmail.com
Jimcarrey145@outlook.com
michaellannert2@gmail.com
jnessam@mac.com
astrologerpanditvikram@gmail.com
ketobodycodeus@outlook.com
lifeintheceesuite@gmail.com
services.larry19@gmail.com
ldaluvayi@gmail.com
denledelmall10@gmail.com
smithanna.pro@gmail.com
amberaus@andrew.cmu.edu
kylelankton@gmail.com
rvluxuryl@gmail.com
bradley.hogue@genieai.io
amirsajjad1389@Gmail.com
genzhustler.com@gmail.com
development5511@gmail.com
craziweasel@gmail.com
davidwilliam41531@gmail.com
predictiq.ai@gmail.com
resilience@josemiguelpv.work
bacteriostaticusa@gmail.com
das3sha@gmail.com
eastcoastmuralpro@gmail.com
dcustomboxes82@gmail.com
nikki.luna365@gmail.com
citation.perfectwalkinbathtubs@gmail.com
NIck@xformit.net
seo.articlescube@gmail.com
seoblogging500@gmail.com
scot@peachpundit.com
Mayank@valarix.com
drim6588@gmail.com
thexugarrusa@outlook.com
SAIFULLAH18@carecloud.com
concentrateoncleaning@gmail.com
gracesharma815@gmail.com
info.hamiltonlindley@gmail.com
entejar@google.com
hannahlouisecullen@gmail.com
github@constant-k.com
irvingtawa@gmail.com
mobilephones44less@gmail.com
majid.shakeri.phd@gmail.com
asht75915@gmail.com
theeogsouls@gmail.com
skyemesser18@gmail.com
wenzeljam@yahoo.com
gumerovsasha03@gmail.com
ViKarunakaran@eagle.org
stephanie.yost1@go.sfcollege.edu
exugarusa@outlook.com
esparza.will3601@gmail.com
funkelain078@gmail.com
insuranceladyhereisthe@gmail.com
thothchannel@pm.me
3792201@gmail.com
jshague@gmail.com
wmattbarnes@gmail.com
aremi08@yahoo.com
aishwarya.personal26@gmail.com
kwilkins@continentaltoolgroup.com
services.larry19@gmail.com
drgurney@charter.net
rbortnick1993@gmail.com
luxeglass.lg@gmail.com
markjohn43534@gmail.com
harsh.rathore.dev@gmail.com
pirxthepilot7506@gmail.com
richketelsen@gmail.com
silensenseusa@outlook.com
iqrabsource12@gmail.com
fortworthpaydayloans1@gmail.com
genzhustler.com@gmail.com
development5511@gmail.com
metrixwandz.025@gmail.com
gitter@grape-krueger.com
dev@med-stop.com
mary@begner.net
anila.dehradun@gmail.com
prajvalrawat22@gmail.com
dcustomboxes82@gmail.com
najib@nhakimilaw.com
nikki.luna365@gmail.com
seoblogging500@gmail.com
viraleco401@gmail.com
seobulbul48@gmail.com
todd.ellermann@equitymethods.com
thexugarrusa@outlook.com
mheka95@outlook.com
astrologerpanditvikram@gmail.com
Uniquestar2025@outlook.com
concentrateoncleaning@gmail.com
seobestpeers@gmail.com
info.hamiltonlindley@gmail.com
ldaluvayi@gmail.com
irvingtawa@gmail.com
farouhmalik@gmail.com
bayliferestoration5@gmail.com
theeogsouls@gmail.com
losangelespaydayloans@gmail.com
elyonimran@gmail.com
sehejhearndon82195192@gmail.com
cunninghamclinic01@gmail.com
4samwood@gmail.com
gumerovsasha03@gmail.com
plantavida12@gmail.com
kylelankton@gmail.com
megantrans89@gmail.com
esparza.will3601@gmail.com
muhammad.awais@strongestlayer.ai
thothchannel@pm.me
boothbuilderexpo@gmail.com
cqcairs@gmail.com
naveen.harsani@rgare.com
citation.officerpatrol@gmail.com
mechelle.mccray@gmail.com
kamlesh.todai@petrabytes.com
kushwahpriyanshu095@gmail.com
getgoodlab9@gmail.com
s0054457@rgare.com
rbortnick1993@gmail.com
supremegreendiamond@gmail.com
thetrimologyusa@outlook.com
predictiq.ai@gmail.com
resilience@josemiguelpv.work
illumine.app1@gmail.com
friendworldtechnolory.llc@gmail.com
das3sha@gmail.com
alanagrowth@gmail.com
24bizbiz1@gmail.com
ameer.ali.ghazi2@gmail.com
login_58koala@icloud.com
citation.perfectwalkinbathtubs@gmail.com
sayllnauxoofer@gmail.com
vo.remeev.win10@outlook.com
scot@peachpundit.com
drim6588@gmail.com
owen@tutoringwithowen.com
25018970@sfcollege.edu
kalebjase427@outlook.com
entejar@google.com
Jimcarrey145@outlook.com
mobilephones44less@gmail.com
garvsbn@gmail.com
chuck.youse@gmail.com
D0CS4V4GE@proton.me
ketobodycodeus@outlook.com
voiceofthepets@gmail.com
ViKarunakaran@eagle.org
anthony@mastrean.dev
lifeintheceesuite@gmail.com
marcelloussearcy1@gmail.com
todd.ellermann@equitymethods.com
denledelmall10@gmail.com
impactdigitalrecruiting@gmail.com
3792201@gmail.com
marioguzman851@gmail.com
Uniquestar2025@outlook.com
zkleckner@dyber.org
scott@elementarysoftware.com
amberaus@andrew.cmu.edu
suzy.jones24@gmail.com
aremi08@yahoo.com
greg@ycollide.com
farouhmalik@gmail.com
nativeinsteadranch1@gmail.com
kwilkins@continentaltoolgroup.com
annaliza.marks@filigran.io
ruta.matuleviciute@miu.edu
Don4474g@gmail.com
rvluxuryl@gmail.com
luxeglass.lg@gmail.com
kwalders@datarecognitioncorp.com
harsh.rathore.dev@gmail.com
caburns@g.harvard.edu
riajur.tuhin@gmail.com
craziweasel@gmail.com
businessacquisitions9@gmail.com
kamlesh.todai@petrabytes.com
kaymeg969@gmail.com
jeff.dufficy113@gmail.com
juliakleberrr@gmail.com
bradley.hogue@genieai.io
stephena.whelanphd@gmail.com
john@scoutos.com
devin.freeman@cgi.com
davidwilliam41531@gmail.com
valareabradford@gmail.com
theleanovausa@outlook.com
elitecouponhub@gmail.com
seobulbul48@gmail.com
fictionnontheedge@gmail.com
kevin@pinata.ai
NIck@xformit.net
michaellannert2@gmail.com
brandontransfer2900@gmail.com
jnessam@mac.com
Jimcarrey145@outlook.com
bayliferestoration5@gmail.com
sehejhearndon82195192@gmail.com
hannahlouisecullen@gmail.com
ketobodycodeus@outlook.com
smithanna.pro@gmail.com
plantavida12@gmail.com
reza.pourjasem@gmail.com
lifeintheceesuite@gmail.com
majid.shakeri.phd@gmail.com
nymick123@gmail.com
denledelmall10@gmail.com
wenzeljam@yahoo.com
ceo@varahiitrades.com
skyemesser18@gmail.com
boothbuilderexpo@gmail.com
steve.o.lambert@gmail.com
stephanie.yost1@go.sfcollege.edu
citation.officerpatrol@gmail.com
yannicksyriacekengaabega@gmail.com
amberaus@andrew.cmu.edu
funkelain078@gmail.com
walter.libretti@lab0.com
sfolarin3@gatech.edu
kushwahpriyanshu095@gmail.com
Nakodasteelindustry01@outlook.com
spencer@alfatronelectronics.com
amirsajjad1389@Gmail.com
supremegreendiamond@gmail.com
carissagetscher@gmail.com
rvluxuryl@gmail.com
illumine.app1@gmail.com
services.larry19@gmail.com
craziweasel@gmail.com
bacteriostaticusa@gmail.com
sayllnauxoofer@gmail.com
markjohn43534@gmail.com
eastcoastmuralpro@gmail.com
owen@tutoringwithowen.com
silensenseusa@outlook.com
khannguyen@clarku.edu
Mayank@valarix.com
genzhustler.com@gmail.com
seo.articlescube@gmail.com
mary@begner.net
garvsbn@gmail.com
development5511@gmail.com
prajvalrawat22@gmail.com
D0CS4V4GE@proton.me
najib@nhakimilaw.com
SAIFULLAH18@carecloud.com
gitter@grape-krueger.com
gracesharma815@gmail.com
dev@med-stop.com
asht75915@gmail.com
marcelloussearcy1@gmail.com
viraleco401@gmail.com
github@constant-k.com
anila.dehradun@gmail.com
dcustomboxes82@gmail.com
exugarusa@outlook.com
catherine.g.honeycutt@go.sfcollege.edu
nikki.luna365@gmail.com
seobestpeers@gmail.com
insuranceladyhereisthe@gmail.com
seoblogging500@gmail.com
jshague@gmail.com
nativeinsteadranch1@gmail.com
rickey.helsel@unitedlex.com
thexugarrusa@outlook.com
wmattbarnes@gmail.com
ruta.matuleviciute@miu.edu
concentrateoncleaning@gmail.com
cunninghamclinic01@gmail.com
aishwarya.personal26@gmail.com
info.hamiltonlindley@gmail.com
drgurney@charter.net
irvingtawa@gmail.com
muhammad.awais@strongestlayer.ai
theeogsouls@gmail.com
elyonimran@gmail.com
pirxthepilot7506@gmail.com
richketelsen@gmail.com
gumerovsasha03@gmail.com
businessacquisitions9@gmail.com
4samwood@gmail.com
esparza.will3601@gmail.com
kaymeg969@gmail.com
megantrans89@gmail.com
getgoodlab9@gmail.com
thothchannel@pm.me
juliakleberrr@gmail.com
thetrimologyusa@outlook.com
fortworthpaydayloans1@gmail.com
iqrabsource12@gmail.com
stephena.whelanphd@gmail.com
cqcairs@gmail.com
mechelle.mccray@gmail.com
devin.freeman@cgi.com
metrixwandz.025@gmail.com
rbortnick1993@gmail.com
s0054457@rgare.com
elitecouponhub@gmail.com
ameer.ali.ghazi2@gmail.com
fictionnontheedge@gmail.com
alanagrowth@gmail.com
kalebjase427@outlook.com
login_58koala@icloud.com
michaellannert2@gmail.com
mheka95@outlook.com
jnessam@mac.com
voiceofthepets@gmail.com
astrologerpanditvikram@gmail.com
smithanna.pro@gmail.com
losangelespaydayloans@gmail.com
marioguzman851@gmail.com
ldaluvayi@gmail.com
chuck.youse@gmail.com
scott@elementarysoftware.com
greg@ycollide.com
naveen.harsani@rgare.com
anthony@mastrean.dev
annaliza.marks@filigran.io
kylelankton@gmail.com
todd.ellermann@equitymethods.com
Uniquestar2025@outlook.com
amirsajjad1389@Gmail.com
impactdigitalrecruiting@gmail.com
kwalders@datarecognitioncorp.com
zkleckner@dyber.org
friendworldtechnolory.llc@gmail.com
farouhmalik@gmail.com
suzy.jones24@gmail.com
24bizbiz1@gmail.com
bacteriostaticusa@gmail.com
vo.remeev.win10@outlook.com
Don4474g@gmail.com
eastcoastmuralpro@gmail.com
predictiq.ai@gmail.com
resilience@josemiguelpv.work
25018970@sfcollege.edu
caburns@g.harvard.edu
das3sha@gmail.com
riajur.tuhin@gmail.com
john@scoutos.com
Mayank@valarix.com
kamlesh.todai@petrabytes.com
citation.perfectwalkinbathtubs@gmail.com
scot@peachpundit.com
bradley.hogue@genieai.io
jeff.dufficy113@gmail.com
drim6588@gmail.com
asht75915@gmail.com
davidwilliam41531@gmail.com
entejar@google.com
exugarusa@outlook.com
mobilephones44less@gmail.com
valareabradford@gmail.com
insuranceladyhereisthe@gmail.com
ViKarunakaran@eagle.org
jshague@gmail.com
NIck@xformit.net
wmattbarnes@gmail.com
3792201@gmail.com
Jimcarrey145@outlook.com
aishwarya.personal26@gmail.com
kevin@pinata.ai
drgurney@charter.net
skyemesser18@gmail.com
aremi08@yahoo.com
ketobodycodeus@outlook.com
stephanie.yost1@go.sfcollege.edu
kwilkins@continentaltoolgroup.com
hannahlouisecullen@gmail.com
lifeintheceesuite@gmail.com
pirxthepilot7506@gmail.com
funkelain078@gmail.com
richketelsen@gmail.com
denledelmall10@gmail.com
majid.shakeri.phd@gmail.com
luxeglass.lg@gmail.com
wenzeljam@yahoo.com
reza.pourjasem@gmail.com
harsh.rathore.dev@gmail.com
amberaus@andrew.cmu.edu
ceo@varahiitrades.com
fortworthpaydayloans1@gmail.com
rvluxuryl@gmail.com
sfolarin3@gatech.edu
metrixwandz.025@gmail.com
markjohn43534@gmail.com
spencer@alfatronelectronics.com
services.larry19@gmail.com
silensenseusa@outlook.com
craziweasel@gmail.com
mheka95@outlook.com
markjohn43534@gmail.com
gitter@grape-krueger.com
seobulbul48@gmail.com
seo.articlescube@gmail.com
dev@med-stop.com
genzhustler.com@gmail.com
silensenseusa@outlook.com
anila.dehradun@gmail.com
development5511@gmail.com
losangelespaydayloans@gmail.com
SAIFULLAH18@carecloud.com
mary@begner.net
gracesharma815@gmail.com
bayliferestoration5@gmail.com
prajvalrawat22@gmail.com
github@constant-k.com
sehejhearndon82195192@gmail.com
naveen.harsani@rgare.com
najib@nhakimilaw.com
plantavida12@gmail.com
dcustomboxes82@gmail.com
gitter@grape-krueger.com
nikki.luna365@gmail.com
viraleco401@gmail.com
dev@med-stop.com
boothbuilderexpo@gmail.com
seoblogging500@gmail.com
anila.dehradun@gmail.com
citation.officerpatrol@gmail.com
friendworldtechnolory.llc@gmail.com
seobestpeers@gmail.com
thexugarrusa@outlook.com
elyonimran@gmail.com
24bizbiz1@gmail.com
concentrateoncleaning@gmail.com
kushwahpriyanshu095@gmail.com
info.hamiltonlindley@gmail.com
supremegreendiamond@gmail.com
vo.remeev.win10@outlook.com
irvingtawa@gmail.com
cunninghamclinic01@gmail.com
illumine.app1@gmail.com
theeogsouls@gmail.com
gumerovsasha03@gmail.com
25018970@sfcollege.edu
muhammad.awais@strongestlayer.ai
mechelle.mccray@gmail.com
esparza.will3601@gmail.com
sayllnauxoofer@gmail.com
thothchannel@pm.me
iqrabsource12@gmail.com
elyonimran@gmail.com
owen@tutoringwithowen.com
getgoodlab9@gmail.com
thetrimologyusa@outlook.com
ameer.ali.ghazi2@gmail.com
rbortnick1993@gmail.com
login_58koala@icloud.com
garvsbn@gmail.com
mechelle.mccray@gmail.com
D0CS4V4GE@proton.me
marcelloussearcy1@gmail.com
kalebjase427@outlook.com
astrologerpanditvikram@gmail.com
ameer.ali.ghazi2@gmail.com
chuck.youse@gmail.com
login_58koala@icloud.com
nativeinsteadranch1@gmail.com
ldaluvayi@gmail.com
ruta.matuleviciute@miu.edu
voiceofthepets@gmail.com
kylelankton@gmail.com
marioguzman851@gmail.com
todd.ellermann@equitymethods.com
scott@elementarysoftware.com
chuck.youse@gmail.com
businessacquisitions9@gmail.com
Uniquestar2025@outlook.com
greg@ycollide.com
kaymeg969@gmail.com
juliakleberrr@gmail.com
farouhmalik@gmail.com
annaliza.marks@filigran.io
stephena.whelanphd@gmail.com
devin.freeman@cgi.com
predictiq.ai@gmail.com
kwalders@datarecognitioncorp.com
resilience@josemiguelpv.work
das3sha@gmail.com
elitecouponhub@gmail.com
bradley.hogue@genieai.io
citation.perfectwalkinbathtubs@gmail.com
fictionnontheedge@gmail.com
kamlesh.todai@petrabytes.com
scot@peachpundit.com
michaellannert2@gmail.com
davidwilliam41531@gmail.com
drim6588@gmail.com
jnessam@mac.com
john@scoutos.com
entejar@google.com
mobilephones44less@gmail.com
smithanna.pro@gmail.com
bradley.hogue@genieai.io
NIck@xformit.net
ViKarunakaran@eagle.org
davidwilliam41531@gmail.com
3792201@gmail.com
Jimcarrey145@outlook.com
aremi08@yahoo.com
hannahlouisecullen@gmail.com
amirsajjad1389@Gmail.com
kwilkins@continentaltoolgroup.com
majid.shakeri.phd@gmail.com
ketobodycodeus@outlook.com
wenzeljam@yahoo.com
NIck@xformit.net
luxeglass.lg@gmail.com
lifeintheceesuite@gmail.com
skyemesser18@gmail.com
harsh.rathore.dev@gmail.com
denledelmall10@gmail.com
stephanie.yost1@go.sfcollege.edu
bacteriostaticusa@gmail.com
funkelain078@gmail.com
hannahlouisecullen@gmail.com
eastcoastmuralpro@gmail.com
paul.huntsberger@healthiergeneration.org
deckhart@structuralsteeltech.com
garret@gssyler.com
allancareerz@gmail.com
uniquesdata7@gmail.com
camaronordonez@citationemail.com
interacwiththereeves@gmail.com
zach.thomas@marquisware.com
warthunder.usmc@gmail.com
queen@arizona.edu
scott.crowder@smithgroup.com
mrazu@ualr.edu
algoshift2001@gmail.com
marklee@utdallas.edu
michaelandrewstoddard@gmail.com
melvinchibanda@gmail.com
valpetrov.soccer@gmail.com
akuvalis@ivytech.edu
ak3398@nau.edu
peiyingchen0727@gmail.com
pscheidt@tenstorrent.com
culturefiftyfive@gmail.com
tau3szh@bosch.com
steve@czmyt.com
hansimueller012@gmail.com
retrobowlgame.wtf@gmail.com
abubakkarthemarketer12@gmail.com
3dquicky@gmail.com
singh07@stanford.edu
rnapora@epic.com
shirleychristy@theigniteandinfinite.com
anthony.mastrean@vaeit.com
tbr-team906@rnesu.org
clarasmith.12071999@gmail.com
liquidlavaswurld@gmail.com
ibharathkumar520@hotmail.com
dondavis483@gmail.com
shakyamkj@gmail.com
tashadobie49@gmail.com
marekgrochala16@gmail.com
tomazrudzik5@gmail.com
joelgibbard0@gmail.com
xeniarmuether@gmail.com
kangargig@gmail.com
birouainekhalil@gmail.com
globaldataroute@gmail.com
george.curtis@sqlwatchmen.com
sujay.kollepara@gmail.com
juliekidwell@outlook.com
edwinsommie@gmail.com
mohammad850923@gmail.com
ericbro690@gmail.com
jrtyrrell-devacct@pm.me
surprise-goodyear@mrappliancemail.com
sibsdanco@gmail.com
fsjs25@icloud.com
Shane@intunebroker.com
ciaralacey97@gmail.com
dampteygeorge38@gmail.com
hello@walterwrites.ai
fernandezjuan4658@gmail.com
d0bc887a-7e29-4776-bb5b-c7eab6a4e7b3@psmodule.io
evelynbonilla510@gmail.com
asmatbaloch008@gmail.com
khushipatel2871@gmail.com
flowwyze@gmail.com
shivsons11@gmail.com
cd8906b5-f2af-48ce-ba61-cbf2ff89e927@psmodule.io
us.restaurantsmenu@gmail.com
boirorg@gmail.com
manishasaini7892@gmail.com
cr0n3@h0l0.io
retrotechreboot@gmail.com
jozef.spiska@tsimagine.com
aulecsiz@gmail.com
smedia.discountbuyblinds@gmail.com
vaishnavi.31pardeshi@gmail.com
soulgeekempowerment1@gmail.com
digitaljournal123@gmail.com
marigold.rentseo@gmail.com
wrayremo216@gmail.com
suryatejakonduri2@gmail.com
myccmg1@gmail.com
massagewithmelissaga@gmail.com
iAmMissMacKenzie@iCloud.Com
maruftusher960@gmail.com
sadiq.hameed.qureshi@gmail.com
0xjay804@gmail.com
mjd+cyrus@fastmailteam.com
nerissabautistaa@gmail.com
authorryleeh@gmail.com
jon@shiftwell.ai
a530d631-d1a2-4eec-9eed-6cd4899c5927@psmodule.io
hopefulbeginning.seo@gmail.com
buzzoidlive@outlook.com
psmodule@psmodule.io
surfhungryofficial@gmail.com
great.tanan@gmail.com
gary_wheeler@att.net
temptr4h@gmail.com
nadiajihad856@gmail.com
akunsaaemmanuel@gmail.com
vemula1357@gmail.com
levidyksen@gmail.com
risingearthphoenix@gmail.com
mefi.whir@skreak.com
andremojica7@gmail.com
kroblius6191@gmail.com
preeshy17@gmail.com
hdxx2022@gmail.com
justinhbyrum@outlook.com
huelalison82@gmail.com
wjsbiz1977@gmail.com
curvyelon@gmail.com
curvytrump@gmail.com
southernladylane@duck.com
codingWithLoki@gmail.com
mikalaimikalalai@gmail.com
yuliiasorokata@gmail.com
dev@maloloconsulting.com
saimblogger55@gmail.com
yuanyifeng@ufl.edu
vayudigitalsolutions@gmail.com
thomas.noel@snhu.edu
cantmissus.social@gmail.com
mahfujur@reviewsboostup.com
hbux67276@gmail.com
dq2166@columbia.edu
sbg.github.vchandru@cisco.com
vivetool52@gmail.com
gh-com@5datainc.com
samsngsmarttv1@gmail.com
hotlinesproutnames@gmail.com
sprunkiretakeio@gmail.com
slgronse@cougarnet.uh.edu
Safiullah.najib@pfizer.com
numan.afg@yahoo.com
futurefreelancer2024@gmail.com
periodinhockey@gmail.com
martinblee@gmx.com
developmorgan@gmail.com
bhaveshbaria506@gmail.com
jeff.kahn@hotelengine.com
healthorbitseo@gmail.com
Marchubbard26@gmail.com
dmitrijrevo537@gmail.com
MaarkRober@outlook.com
supriyapurkuti12@gmail.com
jeremiahn.harsojo@gmail.com
objective-emu.ubqnw@norton.me
hello@bosstsc.com
mark.kovach@epsilontg.com
github7071@gmail.com
mygitac1@outlook.com
qilingz696@gmail.com
nickmerchant@hagerman.com
soozafone@yahoo.com
duxcoin1@gmail.com
dougrobin2@gmail.com
kinyuaanderson6@gmail.com
avag2815@gmail.com
abdulwahidmushtaq362@gmail.com
nickelchemdev@gmail.com
Joseph.DeLeo@ku.edu
jasonlindsaycrockettchambliss@outlook.com
developer@asets.msu.edu
Plasiola8567@proton.me
cauchucsinhnhat@gmail.com
infonicknames@gmail.com
olafc@action-science.org
Marquardt495@outlook.com
pkatasani@rxmapper.com
sbauerle@metalcladfibers.com
thodoreb@nwfsc.edu
seo@sprinterra.com
0.luis.caporale.0@gmail.com
andreanneangle@gmail.com
vallejo707@citationemail.com
p.peifeng@wustl.edu
hs87890@student.musd.org
lawrencesloan23@outlook.com
tonysajid01@gmail.com
dolphinstarschildcare@citationemail.com
fisherslawncare@citationemail.com
jamesthomasdev2001@gmail.com
smethukupalli@saintpeters.edu
creditflexwilson@gmail.com
DeepAIMeme@gmail.com
contact.jordansgarza@gmail.com
f4227174@gmail.com
correaximeanto98@gmail.com
loserlocker4@gmail.com
fruit.of.light.in.stl@gmail.com
zhumatay@msu.edu
github@invasso.com
businesspressreleaseagency@gmail.com
weddingringonlinestore@gmail.com
davidomer@etalsolutions.tech
sdfrench1992@gmail.com
hotlineflowersname@gmail.com
isabellabrooklier@outlook.com
srameshrn@gmail.com
marketing@ipbrigadeinc.com
sunshinepressure@citationemail.com
ssalunke@costco.com
brandiewhite10@gmail.com
nerdcaballero50@gmail.com
tadeletamirat70@gmail.com
mohamedabdiahmedd70@gmail.com
theblackchatlines@gmail.com
julian@churo.co
zgochenour@gmail.com
hz1330995546@gmail.com
kimberly.morneau@oracle.com
pranav.sharma@nrel.gov
tracylewisrev@gmail.com
tamilmathi2125@gmail.com
rcoder0904@gmail.com
marcos.ribeiro@okstate.edu
StarGlideFlyBall@outlook.com
forthstore7@gmail.com
anuragkumarobs@gmail.com
charu2708@gmail.com
dmitry.grinko@kunaico.com
feoretouch@gmail.com
darylemmanuelvailoceschua@gmail.com
andres@revenuecat.com
jmcarcarecenter@gmail.com
shree76bhagya@gmail.com
sashishsh19@gmail.com
infosillyquestions@gmail.com
jingting.jian@aicadium.ai
shoyebakter.me@gmail.com
4rebootmc@gmail.com
ppanda@godaddy.com
travis@dripdepot.com
qasoloviova@gmail.com
doctorsick332@gmail.com
rocraften@outlook.com
info.21dreamz@gmail.com
teuinc701@gmail.com
jude.nana.baffoe@gmail.com
agumba.john@gmail.com
longpatrick3317@gmail.com
farahfirdavsi@gmail.com
tisharifiy@gmail.com
verity.hitchings@christina.k12.de.us
muthannakareem99@gmail.com
globalgeosofts@gmail.com
joseph@soper.dev
rbean@iotexperience.com
sue.paige@pm.me
goremartin205@gmail.com
kavi@lantrasoft.com
ashraf.bader@fda.hhs.gov
nextdoormoversusa@gmail.com
reactdevelopersio@gmail.com
david.hedges@BIO-key.com
ilikeusahana@gmail.com
kcoharra@gmail.com
nsube2@unh.newhaven.edu
mark.johnston@va.gov
studentactingfun@gmail.com
webinovative3@gmail.coM
ihatecbts314@gmail.com
1504tankist1504@gmail.com
nayemm@ufl.edu
sglpm2604@outlook.com
defixhabibi@gmail.com
m35552909@gmail.com
asweitz@unc.edu
worthmetricllc@gmail.com
muhammad.usman02@qbatch.com
kieranprovost@gmail.com
alex.the.lange@gmail.com
arboristportlandor@gmail.com
storyteller@jimkissane.com
charlieluxuryhome@gmail.com
thefreshlobstercompaney@gmail.com
st.augustine@mrelectricmail.com
oneapks71@gmail.com
adelinaparker19@gmail.com
sharkpoolserviceusa@gmail.com
bethlindenbaum@comcast.net
tysonastickney@gmail.com
pjhonny2003@icloud.com
Dr.B.Ishmael@gmail.com
thehollerwv@gmail.com
ewbr.us@gmail.com
bousebike320@gmail.com
custompackaginghoustontx@gmail.com
mohmandmanezha@gmail.com
gutubeboi@gmail.com
shahid_mahmood1986@yahoo.com
loomisheatandcool@gmail.com
milkaya537@gmail.com
globalglasspipesusa@gmail.com
bcssc25@gmail.com
mahfujtarek@yahoo.com
umar.ijaz@power-sonic.com
bjork@thunderheadeng.com
jrkey@wisc.edu
pinoyy15@gmail.com
webfishingonline.org@gmail.com
pmaiti@nvidia.com
salvidor@gandara.net
drakimaofficial@gmail.com
deadrose09@outlook.com
sylvannstar@gmail.com
hotlinelovelines@gmail.com
othersamehere@gmail.com
paulhay125@gmail.com
swbmayo24@gmail.com
jenniferlaurelinbiddle@gmail.com
randy.remington@lumen.com
amandarusk1990@gmail.com
vignesheljen@gmail.com
dramasamy@jtecindustries.com
flightsquest@gmail.com
balochshehreena@gmail.com
kumari.sweta.ds.2025@gmail.com
saphyrakerbs@gmail.com
jeffbeck87@gmail.com
vsilet-pro@pm.me
jileroux@student.fullsail.edu
felecia.ollila@gmail.com
piotr.mardziel@langsafe.ai
touheed@udel.edu
Bubba988734999@Gmail.com
maksym@qure4u.com
social.lightingagreenerfuture@gmail.com
bookkeepingbygenoa@citationemail.com
javiercuencafl@gmail.com
Patelmirovverma@hotmail.com
rbipog@gmail.com
beaversdentistry27511@gmail.com
messydavid80@gmail.com
demohub.dev@gmail.com
nliakopulos@msn.com
alifarooq2006123@gmail.com
wesleylewis86@gmail.com
mogoins@charlotte.edu
garrett.folke.nelson@gmail.com
Maerkendice@gmail.com
dish.digital.us@gmail.com
alex@alexidk.dev
abfahimb@gmail.com
dev@slfstrg.com
christian_thompson@mac.com
github-research@scottjwalter.consulting
z@faircapital.com
marcoisland.crypto@gmail.com
ajayrajendrakumar8@gmail.com
ljhofer@gmail.com
jonathan.jerke@quantumgalaxies.com
eleow1@jh.edu
help@boldbi.com
pradeep.padmakumar91@gmail.com
scoghill1955@gmail.com
timofey@tenderware.ru
takashizono@gmail.com
ak8480@rit.edu
Mark.Holman@orlandowhitney.com
kasibabdullah8@gmail.com
rodriguez.luis020797@gmail.com
shipman2t@gmail.com
justin.clark@terumobct.com
noc@telnexus.com
hello@fullstacakion.com
cshanebarron@gmail.com
frujuniorp@gmail.com
macdonaldlandscapeco@gmail.com
amanda.bradford@noaa.gov
vaishv2001@gmail.com
john.n@cyberdime.io
grassrootsdemhq@gmail.com
knox@logick.live
alisa.coffin@usda.gov
flori1993bk@gmail.com
jeff@fastestknowntime.com
BadOmenClub@gmail.com
juan.nino@marktechconsulting.com
marisa.roman@cornelisnetworks.com
david.pleasance@nutanix.com
subhashbs36@gmail.com
vs@uavos.com
connect@aaronschoi.com
rbooth@mastercontrol.com
brandondorsey42@gmail.com
pmanning@intanalytic.com
shojaei.pouya88@gmail.com
dilipepparapalli@gmail.com
e.lisikhina@g.nsu.ru
antonrozdobudko@gmail.com
ezekielmichaelhumbo98@gmail.com
sprystupa@salesforce.com
cameron@becexcavating.com
shaine@vorakortech.io
mergeconflict@oceandruid.dev
toghrultahirov@gmail.com
suleimantaofik6@gmail.com
russell.juphy@gmail.com
harish.sukhwani@intel.com
vince@flourishmade.com
michael.l.londino@hotmail.com
jayden.savarinath@gmail.com
reneirakoze11@gmail.com
thomas@thomasjudkins.com
austinahunter@gmail.com
steveantoniosilva@gmail.com
Lordmk.661366@gmail.com
mgkhodary@gmail.com
henry.krukauskas@gmail.com
renoirlucena@gmail.com
drfreudj88@gmail.com
aviatorcloudy@gmail.com
chrisfretz@gmail.com
deeplanakhan@gmail.com
destroyonload@gmail.com
lynchfrankie69@gmail.com
song.fan@exlservice.com
ray36gomez@gmail.com
dfy.mali1412@gmail.com
michaelemery828@gmail.com
cstubbs@ramboll.com
troy.h.jacobson@gmail.com
pushon.mukherjee@gmail.com
gleghornlab@gmail.com
mikemooremediallc@gmail.com
hello@goodstep.app
skusum70@gmail.com
kheori@phoenixfiredevelopment.com
mochibagelbaby@gmail.com
alexey.d.klimkin@intel.com
jr@swanfinance.io
kaushik.ghosh@sage.com
jonathantrang.js@gmail.com
jbstephenson39@gmail.com
olawaleasher@protonmail.ch
ntoshin1997@gmail.com
elbincenisev@outlook.com
cyshell278@gmail.com
hguimon@gmail.com
fractaldruid@gmail.com
yaya2622.dmmkss17@gmail.com
alimussifar@ymail.com
Vaishnavi.Chordiya@cloud.com
theevildoctorsinewave@gmail.com
acaorizondo@gmail.com
paulo.r.zanoni@intel.com
timscoding@protonmail.com
jbo_chitown1369@hotmail.com
aaronj.park0304@gmail.com
thomas.jones1@students.snow.edu
alouis752@yahoo.com
FlaccidFacade@pm.me
dhruvidesai4402@gmail.com
taylormartin1400@gmail.com
stewartsorrells2@gmail.com
stephenrgentry@gmail.com
clayton.peeples@satellite.im
quinn.j.russell@gmail.com
bbrowng16@gmail.com
k.iyer@ufl.edu
rishikasharma0064@gmail.com
azer.ibrahimli.98@gmail.com
strojap@gmail.com
kristina02020@gmail.com
achisholm@newrelic.com
sascryptos@gmail.com
gmconklin@gmail.com
aaronj.park0304@gmail.com
thomas.jones1@students.snow.edu
FlaccidFacade@pm.me
taylormartin1400@gmail.com
clayton.peeples@satellite.im
harish.sukhwani@intel.com
bbrowng16@gmail.com
derek.bruinooge@gmail.com
vince@flourishmade.com
michael.l.londino@hotmail.com
jayden.savarinath@gmail.com
k.iyer@ufl.edu
nfdoges@gmail.com
das149848@gmail.com
reneirakoze11@gmail.com
rishikasharma0064@gmail.com
thomas@thomasjudkins.com
austinahunter@gmail.com
aydar.akhmetzyanov@doordash.com
digarlab@uw.edu
sl.shuhualiu@gmail.com
mjoy@trek10.com
nishvask@gmail.com
jeff.littlejohn@arrikto.com
caesar.bernardo@gmail.com
christopher.m.t2005@gmail.com
paracosmosgraphics@gmail.com
ace.apage@outlook.com
catikia1@gmail.com
jessicatisdale28@icloud.com
hello@tubo.life
eugene.riabchuk@gmail.com
jawsbak@outlook.com
myluxvan@gmail.com
stuart.barnes@bentley.com
hscharf@sdsu.edu
github@gandaracenter.org
finesseologyy@gmail.com
prathumarikeri@gmail.com
shabbeirshaik1234@gmail.com
kekewang777999@gmail.com
darshankhunt13@gmail.com
fueledbyochd@gmail.com
trexlerdevin@gmail.com
nighthawk4276@gmail.com
kristoferpaulschreiner@gmail.com
eqptio@gmail.com
RobertHRBrownIII@Gmail.com
alongon@ucsd.edu
thedailyq3@gmail.com
sam.anderson@gmail.com
yuend@vcu.edu
mlm@udel.edu
blahblahblahcade@gmail.com
maximstewart1@gmail.com
cmlong02@outlook.com
josuegcp95@gmail.com
Jsok09@outlook.com
adrian.mayron@gmail.com
dev@albrac.com
newbiespawn@gmail.com
W3Dojo@Gmail.com
Hello@Quattro.one
AndersenEthanG@gmail.com
lumq364@gmail.com
developers@trinitycyber.com
kanthi.rachamallu@mckesson.com
benjamin.best@noaa.gov
ogous@jro.net
jayminard@gmail.com
sharpdog@gmail.com
Shunan.Xiang@pfizer.com
feras.i.hamam@gmail.com
nafiunawar@u.boisestate.edu
jacobb2008@icloud.com
fksfishingmaui@gmail.com
jessed1217@gmail.com
sungineers@gmail.com
biz@apurple.co
riadh.mankai@va.gov
ayomide.olatund@gmail.com
derek@dcsleds.com
jerry.sumaya@outlook.com
moni.developer.7@gmail.com
yuzhenbo1995@gmail.com
merkeb12@yahoo.com
fkaefer@luc.edu
sumanghosh203a@gmail.com
lauraramayana@gmail.com
rm6584@nyu.edu
blackbrushgang@gmail.com
csdms_espin@colorado.edu
hello@sythe.app
Michael.Puckett@TripleG3.com
oddjobr@mail.com
gmoneycoinofficial@gmail.com
niharikabatra23@gmail.com
jmmorale@nmsu.edu
m3nt@hotmail.com
kyebarbara@gmail.com
ayohss@proton.me
denizdurandd3@outlook.com
hi@clearcontracts.io
rayhanislam.mahim@gmail.com
git@nghtmre.dev
marceiapdev@gmail.com
hi@55lust.com
tim.gardner@canonical.com
Artem.V.Shamsutdinov@dataindependence.net
heetsavaliya533@gmail.com
asutter@suttertek.com
sigmabytebusiness@gmail.com
luke.pace@sage.com
preet.ss@iitgn.ac.in
kahlowman@gmail.com
hello@lukach.io
mjbeam64@protonmail.com
jatin@hidrate.me
adeayo926@gmail.com
andrew.d.byers@gmail.com
blynns@stanford.edu
xinyucui2001@gmail.com
opensource@clapself.com
juliet.page@dot.gov
christine.zz@hotmail.com
udit.kumar.gupta@intel.com
mark.costa@ipc-global.com
vlad.paje@niceincontact.com
jrn@duostech.com
romannekrasevic8@gmail.com
employment@chris-vega.us
bortiz.biz@gmail.com
m@ttpeter.se
jr.reedy03@gmail.com
letstalk@tiltedgames.org
nstrobel@mail.umw.edu
getdhyan.patel@gmail.com
github@lineagebank.com
nabobarua32@gmail.com
chris.vagnini@radisys.com
aaggarwa@tibco.com
anumele.d.raja@intel.com
owen@altk.xyz
ft7b6@outlook.com
puffywastaken310@gmail.com
amcleavy@github.com
startidesgmu@gmail.com
ajung24@amherst.edu
patelsrina191@gmail.com
schedygov@evidation.com
sin.goral@gmail.com
jane.koganitskaya@sage.com
jared.baker@secondfront.com
pageelizabethh@gmail.com
spencer.7.bond@gmail.com
KenyonBowersJehovah@gmail.com
ron@noobfeed.com
dylozon@gmail.com
omri.green1@gmail.com
13416624923@163.com
lunyu.ma@intel.com
1impy@momenttickets.com
shivenpatel@umass.edu
pvmadhav@asu.edu
seanmonsanto06@icloud.com
kaleperry@yahoo.com
ajacquah@gmail.com
sac@cheesecake.org
dl.vance0609@gmail.com
aserrano1@mgh.harvard.edu
krishna.mycreativespace@gmail.com
jacksonmciver11@gmail.com
tstevens534@gmail.com
ureshgeeshan@live.com
imassigoge@ksu.edu
haokunz@andrew.cmu.edu
diwakarchoubey77@gmail.com
dev@flynn.network
prashu1616@gmail.com
ocacatgithub@gmail.com
twumasiafia@gmail.com
rev@informous.org
edeleu@princeton.edu
daniel.hill@mongodb.com
brycen.bowers01@gmail.com
mdh1060@student.phsc.edu
floryyx@gmail.com
jakodian@ashaden.com
devarshipatel004@gmail.com
chanyahanako@gmail.com
quinncg.dev@gmail.com
mclesterdelacruz@yahoo.com
joseph.henry.hargrove@gmail.com
pixiegirl278@gmail.com
brian@fruitful.fi
ali.guseynof2503@gmail.com
patrick.masson@apereo.org
CarDuckSasuke@gmail.com
aviatorman23@gmail.com
deathenger@gmail.com
dylanisaiahp@gmail.com
kurt@algorithmspeak.com
doris199101@gmail.com
hi@animalmade.com
jim@biglost.com
matt@gratsets.com
nnduyhung3112@gmail.com
joshua@nafzigers.us
chadgroom17@gmail.com
jzeltner@uncc.edu
alex@upsocia.com
yshin@amnh.org
luckythemudhound@gmail.com
thezoebryant@gmail.com
social@pressaccept.com
aluna@lusec.com
nimeshdahal529@gmail.com
tyler.s.lang57@gmail.com
sean.brundle@sage.com
edricweed1990@gmail.com
yzhang2536@wisc.edu
donald.kunz@us.af.mil
help@salesroom.com
ahmedgouda797@gmail.com
tavramov@netskope.com
sjwalter@gmail.com
dong0265@umn.edu
jgalle@monticello.org
james.kirkham@kroger.com
wcolley@logisync.com
rohitverma0150@gmail.com
josephahenninger@gmail.com
ebrooks@salesforce.com
matt.shein@autonomic.com
pushparaj.g@northeastern.edu
azimuthtechusa@gmail.com
eresagomez@icloud.com
santoshkumar.laxminarayan.rai@intel.com
maoall5@yandex.ru
ryan@yalo.com
management@torspace.net
InspectorUX@gmail.com
spidermonkeyj75@gmail.com
contactafraim@gmail.com
milesbgriffith@gmail.com
nico@alonsofroeling.com
d.p.gordiychenko@student.khai.edu
piyushshivrain91@gmail.com
debabrata.mohapatra@intel.com
jake@nft.org
alex1.jones@intel.com
rg85@njit.edu
adp@fastmail.us
m1662576219@gmail.com
mreyes@empirewc.com
woochang_kim@berkeley.edu
gavrilitadorin5@gmail.com
buechele.5@osu.edu
eduiam@rumbero.net
gabazied@liberty.edu
iamlenny.dev@gmail.com
jians4@illinois.edu
kevenleng2003@gmail.com
markacevee@outlook.com
fregly@rice.edu
manasasathyan@gmail.com
dsilverman@column5.com
ilyaalexandrovich.klekovkin@pfizer.com
tariqzdwekat@gmail.com
kittyvamp1884@gmail.com
mibesto803@gmail.com
aklbeard@hotmail.com
yanro125996@gmail.com
angelharini18@gmail.com
haridaspremkumar@gmail.com
toxicflame427@gmail.com
jeremybutts@icloud.com
dipsarker.82@gmail.com
alexk9081@gmail.com
sessiaminsk@gmail.com
me@chanakyalokam.com
juntuo_wang@brown.edu
shivanijayant16@gmail.com
jmarinez@montgomerycollege.edu
Rick@Kastlemark.com
olimova694@gmail.com
jason.morris@intel.com
icastilleja@uco.edu
tachavkin@gmail.com
arturgomes00z0@gmail.com
jtstout@protonmail.com
jake.a.labate@gmail.com
toa3dprinting@gmail.com
fasteddydev@gmail.com
intheparkij@gmail.com
Syed.Nawaz@pfizer.com
x_v177a1n@protonmail.com
jacobo.garcessj@gmail.com
jonwardtn@comcast.net
rit.utera@tylertech.com
fracuna1@asu.edu
gloriarodrife@gmail.com
epichen31@gmail.com
william@rosebudpub.com
vitherosequeen@gmail.com
chengzhuolong@outlook.com
mayankchief@gmail.com
dtisdale@humana.com
candice.christensen@intel.com
xander.bhalla@gmail.com
s.gholamhoseinian@gmail.com
kent.marsh@agilethought.com
Arlene.Chisley-Wade@pfizer.com
GALAXY-PUBLIC@HOTMAIL.COM
tatelawson88@gmail.com
gonz0x@onsqrl.art
sciencehutch@gmail.com
social@onemorestarmedia.com
kelsangrtsering@gmail.com
it@jaalves.com
avinashchaluvadi.jobs@gmail.com
simeon_stankov@hotmail.com
nowahkdev@gmail.com
markhsmith1966@gmail.com
thebing2002@outlook.com
samuel@samuelsilva.io
haydenwstone@gmail.com
akinladegbemisola16@gmail.com
zi-xun.ai@snowflake.com
orrb@google.com
egevtech@gmail.com
lyipeng@umich.edu
github@tekfocus.com
inavolu.a@northeastern.edu
BellJrDev@gmail.com
rafboah@gmail.com
sandip0735@gmail.com
varadharajan.sriram@nbcuni.com
ijgggr@gmail.com
dhamel.eng@gmail.com
spookygraver@gmail.com
cameron.cumberland@suse.com
ralf.konietzka@cfa.harvard.edu
timkresler@microsoft.com
Btcilluminati@gmail.com
git@awideweb.com
CWhitlatch42@proton.me
chiragkalsariya6@gmail.com
ShrineDynamics@gmail.com
hello@iamgrammaresque.com
kassidy.rhoades@gmail.com
jbm@iowifi6.net
nassiri.mohamadhosein@gmail.com
jesse@thehawkins.us
sandersamber546@gmail.com
me@atlaskopka.com
adityasngpta@gmail.com
luizantoniomoretti@icloud.com
namanpatel1997@yahoo.com
rewirechannel@gmail.com
kent.aldero@gmail.com
pratapnikhilvarma@gmail.com
enrile.fuentes@gmail.com
calebdevelops@gmail.com
aswinisivakumar.b@gmail.com
mithulraaj24@gmail.com
yjuarez431@mustangs.deltacollege.edu
tim@wildoperation.com
ryan.malmos@roofstock.com
ens@web3enswizard.com
tristanmcewanhatch@gmail.com
de-andre.henderson@sage.com
ramon.conde@sage.com
lpfu46@gatech.edu
cactus@mailfence.com
ssamineni@indusrad.com
tom.lindsey@niceincontact.com
director@greatpyramid.org
zoa@zoa.sh
evan.glover@umusic.com
BAEARlab@gmail.com
sbmalik@umd.edu
scott.bockelman@gmail.com
anderson.brothers@protonmail.com
getsatlink@protonmail.com
sitehelpra1n@gmail.com
curtis.szmania@cytocync.com
s.khyzhniak@gmail.com
oladepojesj@gmail.com
shailendra.mishra@oracle.com
nick.katafol@gmail.com
bunnylemonbars@gmail.com
