presidentmamun@gmail.com
ko.ansari@cognite.com
hiroki-naka-a@c.nml-nkm.com
hiroyuki.y@sajionnela.com
herring.roe@gmail.com
benefit0205930+dev1@gmail.com
takuya.niwa@riken.jp
Azusa.dev@pm.me
dev@agi-el.com
kk@nakashinya.co.jp
shotadevelopment@gmail.com
norihide.oka.1017@gmail.com
yoshida.t.bb@m.titech.ac.jp
akshaya.p-contractor@tektome.com
swimming.bear.01@gmail.com
hi@philtz.com
mail@yuta-agawa.com
shepherd.sagawa@gmail.com
kewsoul1974@gmail.com
murakami.taku.22@gmail.com
mk67006@e.hiroshima-cu.ac.jp
ysatoru3@gmail.com
reima@an.sub.jp
lee.garciajr.m@gmail.com
251zs02406@student.zen.ac.jp
yushi.kaida@sensefield.jp
mail@sugiura-psychology.net
godai_kojima@iwi.co.jp
yamatosakuragi12@gmail.com
katsu@medcsc.org
astrocausality@gmail.com
mmxxv15t@gmail.com
masa.stage1@gmail.com
ylzqux@gmail.com
sigekatu.dm.only@gmail.com
ca02025@cartahd.com
d.takahashi@foriio.com
m.takemura@people.kobe-u.ac.jp
nd.chung@shirokumapower.com
iwata@st.seikei.ac.jp
siyukatu@gmail.com
kenjiroushiraishi@hotmail.co.jp
hironodera_nTB@proton.me
io2000.recruit@gmail.com
officenekonote1972@gmail.com
tyosikazu@jcom.home.ne.jp
258k116k@stu.kobe-u.ac.jp
n.kamata@mail.dendai.ac.jp
naofumi.taga@tel.com
utsumi.mana@outlook.com
ronaldo@expands.digital
murakami.rintaro.t7@s.mail.nagoya-u.ac.jp
hinata.iwazaki.dev@gmail.com
b25p032@akita-pu.ac.jp
tianzhongbi661@gmail.com
riku-uchida@keio.jp
suemitsu.kazuhito.077@s.kyushu-u.ac.jp
zeusu.sato@dorodango.biz
xenon@xenon.dev
kawabata@fract.t.u-tokyo.ac.jp
amadeusjpn137@gmail.com
satoshi.takahashi.a6@tohoku.ac.jp
21db086@okiu.ac.jp
neugatesaito@gmail.com
ibuki_sakuma@outlook.jp
narita.f@tobila.com
akari.phyo@jp.panasonic.com
tuu50210@tuj.temple.edu
akama@start-with.co.jp
rtakahashi@tespro.co.jp
dev@halwamaroc.com
nakamurayoshiki629@gmail.com
toyohiro.yasumoto@zensho.com
watabebe0216@gmail.com
evkim7937u@gmail.com
tommy0503@gmail.com
maito.o@genepro.co.jp
dev.shun.pro@gmail.com
zeffiris.026@gmail.com
monster1105207@gmail.com
harrowselene@gmail.com
ryota.kondo.en@gmail.com
chihiro-1000-ocean@outlook.jp
fujii.y.bb@m.titech.ac.jp
yana.chan.naginagi@gmail.com
Miyuu.mo172100@gmail.com
s-yoshimura@ginga.info
kao@jai.com
takio.ushio@gmail.com
tomoakinishimu@gmail.com
hidehito.sunohara.13249@eustylelab.co.jp
Kobori.Hiroko@ct.mitsubishielectric.co.jp
bbumka953@gmail.com
ttlir_56@yahoo.co.jp
takeshita.hiro.swe@gmail.com
Douglas Walker <douglaswalker295@gmail.com>
Hiro Takeshita <takeshita.hiro.swe@gmail.com>
jhsany444@gmail.com
ikeuchi.tf@gmail.com
jazzoccation@gmail.com
liu.lijia.82v@st.kyoto-u.ac.jp
richard@beeptek.com
ds@giken.com
rayian778@gmail.com
soccershun.1415@gmail.com
hikaru.hirose@sorad.co.jp
katsuyuki.sugisaki.2025@alit.jp
hirokiokada77@gmail.com
alvarofonsal@gmail.com
ventas@revamos.com.ar
douglaswalker295@gmail.com
samuel.garro@mercadolibre.com
ijoubert@prokarma.com
ortizgonzzalo@gmail.com
tiberiobenvenuto@gmail.com
sergio.carrasco@mercadolibre.com
wandaperuzzo24@hotmail.com
ich@sisem.net
asian.ottercs1979@gmail.com
mkcodenjoy@gmail.com
yungexplct@gmail.com
easyaspie@satorunihei.com
natto.gamemail@gmail.com
washi0302@gmail.com
170441124@ccalumni.meijo-u.ac.jp
senoriblog@gmail.com
takaakimaejima@gmail.com
Chad@itrunsondata.com
yamori4.113@gmail.com
akizawa@iucjapan.org
3c1u@vulpesgames.tokyo
ml-uit-community@lycorp.co.jp
system@tsuqrea.co.jp
kaijig@googlegroups.com
genki-nishida@mail.nissan.co.jp
imichaelen@gmail.com
yuhki.tokue@vitalize.co.jp
nshro.aa@gmail.com
ono@c.titech.ac.jp
taki@se.kanazawa-u.ac.jp
yusuke.matsui@nutanix.com
ccc1717shi@gmail.com
yanmakazuki@outlook.com
howdy@cotonoha.io
haruna-aoki@mail.nissan.co.jp
yosuke.yanai@intel.com
tamorin128@gmail.com
manoj-dubey@mail.nissan.co.jp
hitakagi@microsoft.com
sliip831143@gmail.com
shoueigonpei6028@gmail.com
ryo.kitagawa@tabula.jp
excelleye@gmail.com
kishikawa@frankart.jp
hayato-tozuka-a@mail.nissan.co.jp
makito-shibata-a@mail.nissan.co.jp
teterumu@sumadoratyper.net
takeshi_kohama@acornorganization.com
adolfomesen29@gmail.com
hindingjordan@gmail.com
csibonip@gmail.com
grupolatof@gmail.com
leangmontero@gmail.com
nicorachequin@gmail.com
agustin.sacco@hotmail.com
mylanrajic@gmail.com
office@ehls.rs
slaveksh@gmail.com
aleksandar.zivkovic@harness.io
slavko.dervisevic@sage.com
simicfilip10@gmail.com
matejavasicwork@gmail.com
timchpau@gmail.com
kotkov@apache.org
ispitivanje@math.rs
nemanjamm1995@gmail.com
zoran.jankovic@uns.ac.rs
artem.romanov@fivetran.com
dusanmilivojevic01@gmail.com
nikola@mindspeople.com
vbrankovic99@gmail.com
unitqa@outlook.com
nikolamatejic2501@gmail.com
selkovartem@gmail.com
Artem Selkov <selkovartem@gmail.com>
pomoc@elfak.ni.ac.rs
filip.bogicevic025@hotmail.com
emilijapejovic2000@gmail.com
vukcvetkovic08@gmail.com
zsigaantal@yahoo.com
nisavic.j9@gmail.com
srkuleo@srdjanmilicevic.com
dimitrijek1312@gmail.com
iteligento@gmail.com
polyhedra.hub@gmail.com
olga.velina@playrix.com
milan.todorovic94@gmail.com
aphilippov@4xxi.com
denis.fruza@plassido.com
office@nimius.co
marija.bendek@nortal.com
hello@innovigo.co
Petar.Jelic2@sage.com
seraya.maria.a@gmail.com
aleksandargmilanovic@gmail.com
nenad.teofanov@spothopperapp.com
roman.sheyko@playrix.com
vladimir.sergeev@playrix.com
deercounty@outlook.com
filipkuzmic@live.com
branka.rakic@adiglobal.com
vfyodorov@nes.ru
damjanp114@gmail.com
sg.burtsev@gmail.com
office@diamondcode.rs
djurovicp@gmail.com
office@cinteraction.com
Branka.Rakic@snapone.com
n.ducicomi@gmail.com
mirosavljevm023@gmail.com
japraninfilip@gmail.com
fdjukic01@gmail.com
s.bozickovic1@gmail.com
stefanovicnikola100@yahoo.com
sampovski@carnegietechnologies.com
nevenanikolic031@gmail.com
maljukannenad@gmail.com
dusan.stanic@nutanix.com
nemanjastepanovic@bex.rs
Akonkagva084@gmail.com
firstpilotpirx@gmail.com
marko.medin@live.com
petrovictodorsergej@gmail.com
artsruniarsen61@gmail.com
alexlevicrypto555@gmail.com
vahan.yeghiazaryan@sada.com
gohar@playslap.com
ajpolania_736@unihumboldt.edu.co
scano_538@unihumboldt.edu.co
maicolestivencastromoreno525@gmail.com
eangel_701@unihumboldt.edu.co
andranika93@gmail.com
arnoabelyanwork@gmail.com
arkhachat@gmail.com
giorgia.sambrotta@pakufi.agency
elva.panariti@fshnstudent.info
vitaminaal959@gmail.com
erin.hima@i6.io
klejdijanora@gmail.com
kristi.mita@setlify.io
renaldo.rasa@sisal.al
kevin.shehu@start-cons.io
chernesto69@gmail.com
egiolhoxha46@gmail.com
ranikaja3@gmail.com
amarildogjata93@gmail.com
klement.omeri@wpp.com
hello@astracloud.co.uk
andeta.zeqiri@fshnstudent.info
ukafation3@gmail.com
albi.vecani2016@gmail.com
theairblow@gmail.com
ertoniobiz@gmail.com
isufiizmir@gmail.com
vanesa.daci@harryfultz.edu.al
oleksandr_briukhovych@epam.com
fetisova.tanya100982@gmail.com
alexeimakarow@gmail.com
aleksandra.petrovic.sa@gmail.com
vik.kniazev@gmail.com
luuiis.m@hotmail.com
kuvk.me@gmail.com
nevod21@gmail.com
arcedal@gmail.com
dejanit@mail.ru
es.serhatlic6@gmail.com
freecats1997@gmail.com
hope.anton@gmail.com
support@4o3a.com
ludakfrik@gmail.com
office@cloudmne.com
azimbekovich@yandex.ru
aleksandar@mitrovic.me
tjasa@kod.io
branko.rovcanin@gmail.com
jedan2080@gmail.com
dmitrybarsukov96@gmail.com
stepan0108@gmail.com
semircohovic@gmail.com
ivan000maslov94@gmail.com
ztr.production@gmail.com
mirza.husovic@live.com
adrian.zghibarta@gmail.com
ungureanu.chiril@gmail.com
dorel.besliu@gmail.com
iulianspac7@gmail.com
vodnicear@gmail.com
aptemplus1@gmail.com
office@ebs.md
ghetsudionysiy@gmail.com
chaoticss@gmail.com
hello@megageneration.com
tyragetic@gmail.com
masana111@yandex.ru
Holta.ozuni@fti.edu.al
roxhers_derguti@live.com
Marjo.Peleshka@fti.edu.al
dionisbeci@gmail.com
dejvimyrtollari@gmail.com
vloradio77@gmail.com
dxhikola@deloittece.com
skuqigreizi@gmail.com
aidenhasanaj@gmail.com
gevorgm182@gmail.com
tatul@dwisi.com
andkocharyan1996@gmail.com
johnwilliam.reyesg@gmail.com
levon.niazyan@emerson.com
artak@smartology.am
myan.samuel.07@gmail.com
mikhail_grigorian@epam.com
genti.elezaj@softnex.me
khv2online@gmail.com
flagvadim@gmail.com
zhivaevdmitry@gmail.com
luka.mar.94@gmail.com
rankovicnemanja00@gmail.com
dimakruk@alarstudios.com
ldamirp@hotmail.com
radosav.leovac@gmail.com
nelya.parfenova@gmail.com
fetisovalexander93@gmail.com
akislov.im@gmail.com
aledkov@gmail.com
klimets.vadim@gmail.com
mervandrpljanin@gmail.com
victor.chicu@hotmail.com
ion.spicica@gmail.com
mr.ghetiu@gmail.com
eduard.albu@gmail.com
kloshar4o@live.com
dragos.axenti@gmail.com
turculet1993@gmail.com
victor.antonesti@gmail.com
cultivamarket01@gmail.com
octoverse.it@gmail.com
gyulumyanelmira@gmail.com
webdigitalgaeh@gmail.com
brahyam@atomogaming.com
armanbar32081@gmail.com
hayk.ulunts@gmail.com
kirill.shabordin@gmail.com
hayknikoghosyan05@gmail.com
karen.khachatryan.2020@sportedu.am
alvarocotrino@gmail.com
vahecharchyan777@mail.ru
ani.mkhitaryan.276@gmail.com
evgenynyagu@gmail.com
janga.nicu@gmail.com
vladimir.bryantsev@gmail.com
moldovawebmaster@gmail.com
m512781@yahoo.com
ruksineanu@gmail.com
ursuaugustin@gmail.com
hasanpisli3@gmail.com
erald.lifi@b2tech.com
ritifisheku1@gmail.com
matenverse@gmail.com
xhulia_zotaj@universitetipolis.edu.al
gerald.nuraj@crispybacon.al
rrushiorgest@gmail.com
klaudjo.kociu@uniel.edu.al
selime.at.work@gmail.com
rumejsaduka0@gmail.com
juritaullau04@gmail.com
2iurchak@gmail.com
n.zhashkova@gmail.com
antonije.tadic@gmail.com
borko.djurovic.github@gmail.com
dmitrybarnukov@gmail.com
milkicazeco@gmail.com
leonidshustov@yandex.ru
jsbaum84@gmail.com
aister-kip@yandex.ru
shaptefratia@gmail.com
lqarkaxhija@venn.com
hello@treesforalbania.org
endrindoja@domos.al
office@domos.al
novario.kosovo@gmail.com
Erlin.Pallaj@fti.edu.al
lorelas@cdata.com
yglihaxhija@gmail.com
nixonmayr@gmail.com
danielzagumennyi@gmail.com
alexandru.umanet@gmail.com
tudor.pirau@gmail.com
r.bolandau@gmail.com
ilyakormostovoy@gmail.com
frech@rockstock.me
veselin.manojlovic@gmail.com
9510325@gmail.com
bedism@gmail.com
asimileac@gmail.com
veselcurcubeu@gmail.com
cornelu01@gmail.com
cociuadrian@mail.ru
a.vorojbit@gmail.com
fanel.dumitras@gmail.com
pikhtelevna@gmail.com
for@dobrik.com.ua
macro.poetry@gmail.com
underpender@yandex.ru
genije@t-com.me
egoprog@proton.me
eleanorltd@gmail.com
dragan@radevic.me
horn@t-com.me
i@nacid.me
ikhaldeev@yandex.ru
serge.liskovsky@gmail.com
eugene.john.potapenko@gmail.com
kirill@achiever.software
msfs11@gmail.com
djurovic.borko@gmail.com
arthur78@gmail.com
sergiu.perju@gmail.com
pe2cristea@gmail.com
AVrutchii@gmail.com
leonsimonenco@gmail.com
roshcafilip@gmail.com
rapidexpres1@gmail.com
danek426@gmail.com
nkpradauta4@gmail.com
ionguritenco@gmail.com
nikolagoranovic91@gmail.com
tnt1@t-com.me
panovps@gmail.com
edimarfi@live.co.uk
iivanov@cs.brown.edu
bgurpinar@gmail.com
dr.haris98@gmail.com
linnik.sergey@gmail.com
urdesic@gmail.com
drshpongl@gmail.com
vrybine@gmail.com
ing.titarev@gmail.com
nikita.host@gmail.com
knezevic.i@gmail.com
marko.cadjenovic.fit@gmail.com
frostmid@gmail.com
mafkavelly@gmail.com
odennsonn@gmail.com
orman.rajko@gmail.com
norton.heberle@gmail.com
nikola.velimirovic19@gmail.com
sasa.kiko.saranovic@gmail.com
nobusan13@gmail.com
shev3599@yandex.ru
TabacEgor@gmail.com
sergiu.stipanov@3pillarglobal.com
dima.muntean96@gmail.com
xt1541xt1541xd1541@gmail.com
vasiliev.cristian99@gmail.com
alex@jeliuc.com
khuraskin.dev@gmail.com
mvlado088@gmail.com
seapp88@icloud.com
MASANICH@ya.ru
vladboiko1996@yandex.ru
aldenhasanovic@gmail.com
douglasmachadow@gmail.com
mihail.suntsov@yandex.ru
a.grishanov@dodobrands.io
lukababovic@gmail.com
silextech94@gmail.com
nikolalondrovic41@gmail.com
dgudovic.dev@gmail.com
ostap1shevchenko@gmail.com
feedback@moosyo.com
riabchikovartem@gmail.com
mynutsarehurt@gmail.com
mail.loonuh@gmail.com
dakovic.novica@gmail.com
kapfd05@gmail.com
belllev99@gmail.com
milenko@skenify.com
kibirev.i@yandex.ru
fedorchukov.serghey@gmail.com
erik.yczhang@gmail.com
joseph.e.mueller@gmail.com
Jared.Loewenthal@proton.mereisan.work@gmail.com
6223502@alumni.tus.ac.jp
b235782@hiroshima-u.ac.jp
freddiefishjp@gmail.com
noguchi_isamu@nextgen.co.jp
hirofumi.saima@g-gen.co.jp
i.am.geek@techroid.jp
yabukik@photron.co.jp
thecker3@gmail.com
yuta.konishi@phchd.com
mmmjheng@gmail.com
audiocy@earthlink.net
jacob@sequencestudio.io
kyohei.fujimori@gmail.com
allamakhlai30@gmail.com
NTCJ_GIT_OPENNTCJ@nuvoton.com
takuhiro.muta@wealthnavi.com
leonardo0yamamoto@gmail.com
toropogy@outlook.com
neveszinho28@gmail.com
4625508@ed.tus.ac.jp
jhchae24@gmail.com
4623090@ed.tus.ac.jp
c2234@st.cs.kumamoto-u.ac.jp
buenfil-rojas.am@outlook.com
roba@one-coder.com
zwei_0907@hotmail.co.jp
kristuano871@gmail.com
t-takaku@joolen.com
hana.tmu.mse@gmail.com
johnsbrm@gmail.com
ramadevi.yekula@asurion.com
arthur.delossantos@tx-inc.com
quang.dang@linkx.dev
o56782310@gmail.com
f-hiroshi@j-em-s.com
ikegami.kazuomi@omi-llc.com
yiming@soyorin.moe
9.7nguyenvantuankhanh@gmail.com
tanaka_hiroto@interprism.co.jp
m.otaguro@easypeasy.co.jp
sakimoto.t@wingarc.com
mememe2048@fox.dti2.ne.jp
nhnskgyrsmk@gmail.com
kenji.oka@ansys.com
luminexis.project@gmail.com
gabrielcruzdev938@gmail.com
vinsonjones259@gmail.com bistro.cavacava@gmail.com
マルゴ.マネジメント	bistro.cavacava@gmail.com
✅ Detected: マルゴ.マネジメント - bistro.cavacava@gmail.com
station@pst2.net
Hajime Fujino	station@pst2.net
✅ Detected: Hajime Fujino - station@pst2.net
station@pst2.net
demura.aizack@gmail.com
reisan.work@gmail.com
purusottamlakai@sdpi.jp
kocho5252@outlook.com
y-mukai@ogawa-industry.co.jp
horibe@basicinc.jp
menega64@icloud.com
fujikawa@f-sp.net
hiroyuki.takahashi@findy.co.jp
tousupo140yen@gmail.com
shirasuna@swift3.com
koido1961@gmail.com
Mitsutaka.Kusakabe@access-company.com
Mitsuhide.Shiozaki@access-company.com
kazuhiro.ikeuchi@access-company.com
takehiro.fukazawa@access-company.com
takashi.miyazaki@access-company.com
cokke.jp@gmail.com
sixamo@outlook.com
ariichi88@gmail.com
kamkam_r@infoseek.jp
jaebez.thomas@gmail.com
ui@criepi.denken.or.jp
ntomizawa@xevo.com
kawai@espicurio.com
SasakiYuuki@LIFULL.com
s.yamada@o-sup.jp
blade.milktoasts@gmail.com
yocineman@gmail.com
shirinvafaee@gmail.com
tomoki.ohno@glucose.jp
nishibayashi@hln.co.jp
aeelool@gmail.com
kate.ahn2006@gmail.com
duttonjhon0@gmail.com
josephhogan1208@gmail.com
idioticdlc@gmail.com
imarov.nursultan1997@gmail.com
mcgrawpressurewashingllc@gmail.com
kaydanharvey@gmail.com
rpinmiami@gmail.com
info.codifyformatter@gmail.com
powercircle25.sc@gmail.com
eliyasmw@gmail.com
ezellanthony837@gmail.com
hufworldwide2@gmail.com
josielewisusa@gmail.com
powercircle25.sc@gmail.com
eliyasmw@gmail.com
ezellanthony837@gmail.com
hufworldwide2@gmail.com
josielewisusa@gmail.com
pablolhernandes@gmail.com
wp282210@gmail.com
mikeytiede@gmail.com
ethananayak@gmail.com
fithealthforever49@gmail.com
powercircle25.sc@gmail.com
eliyasmw@gmail.com
ezellanthony837@gmail.com
hufworldwide2@gmail.com
josielewisusa@gmail.com
powercircle25.sc@gmail.com
eliyasmw@gmail.com
ezellanthony837@gmail.com
hufworldwide2@gmail.com
josielewisusa@gmail.com
paul.huntsberger@healthiergeneration.org
deckhart@structuralsteeltech.com
garret@gssyler.com
allancareerz@gmail.com
uniquesdata7@gmail.com
camaronordonez@citationemail.com
interacwiththereeves@gmail.com
zach.thomas@marquisware.com
warthunder.usmc@gmail.com
queen@arizona.edu
scott.crowder@smithgroup.com
mrazu@ualr.edu
algoshift2001@gmail.com
marklee@utdallas.edu
michaelandrewstoddard@gmail.com
melvinchibanda@gmail.com
valpetrov.soccer@gmail.com
akuvalis@ivytech.edu
paul.huntsberger@healthiergeneration.org
deckhart@structuralsteeltech.com
garret@gssyler.com
allancareerz@gmail.com
paul.huntsberger@healthiergeneration.org
deckhart@structuralsteeltech.com
garret@gssyler.com
paul.huntsberger@healthiergeneration.org
deckhart@structuralsteeltech.com
garret@gssyler.com
allancareerz@gmail.com
uniquesdata7@gmail.com
camaronordonez@citationemail.com
interacwiththereeves@gmail.com
zach.thomas@marquisware.com
interacwiththereeves@gmail.com
zach.thomas@marquisware.com
warthunder.usmc@gmail.com
queen@arizona.edu
scott.crowder@smithgroup.com
mrazu@ualr.edu
algoshift2001@gmail.com
marklee@utdallas.edu
michaelandrewstoddard@gmail.com
melvinchibanda@gmail.com
valpetrov.soccer@gmail.com
akuvalis@ivytech.edu
ak3398@nau.edu
peiyingchen0727@gmail.com
pscheidt@tenstorrent.com
culturefiftyfive@gmail.com
tau3szh@bosch.com
steve@czmyt.com
hansimueller012@gmail.com
retrobowlgame.wtf@gmail.com
abubakkarthemarketer12@gmail.com
3dquicky@gmail.com
singh07@stanford.edu
rnapora@epic.com
mrazu@ualr.edu
algoshift2001@gmail.com
marklee@utdallas.edu
michaelandrewstoddard@gmail.com
melvinchibanda@gmail.com
valpetrov.soccer@gmail.com
akuvalis@ivytech.edu
ak3398@nau.edu
peiyingchen0727@gmail.com
pscheidt@tenstorrent.com
culturefiftyfive@gmail.com
tau3szh@bosch.com
steve@czmyt.com
hansimueller012@gmail.com
retrobowlgame.wtf@gmail.com
abubakkarthemarketer12@gmail.com
3dquicky@gmail.com
singh07@stanford.edu
rnapora@epic.com
shirleychristy@theigniteandinfinite.com
anthony.mastrean@vaeit.com
tbr-team906@rnesu.org
clarasmith.12071999@gmail.com
liquidlavaswurld@gmail.com
ibharathkumar520@hotmail.com
dondavis483@gmail.com
shakyamkj@gmail.com
tashadobie49@gmail.com
marekgrochala16@gmail.com
tomazrudzik5@gmail.com
joelgibbard0@gmail.com
xeniarmuether@gmail.com
kangargig@gmail.com
birouainekhalil@gmail.com
globaldataroute@gmail.com
george.curtis@sqlwatchmen.com
sujay.kollepara@gmail.com
juliekidwell@outlook.com
edwinsommie@gmail.com
mohammad850923@gmail.com
ericbro690@gmail.com
jrtyrrell-devacct@pm.me
surprise-goodyear@mrappliancemail.com
sibsdanco@gmail.com
fsjs25@icloud.com
Shane@intunebroker.com
ciaralacey97@gmail.com
dampteygeorge38@gmail.com
hello@walterwrites.ai
fernandezjuan4658@gmail.com
d0bc887a-7e29-4776-bb5b-c7eab6a4e7b3@psmodule.io
evelynbonilla510@gmail.com
asmatbaloch008@gmail.com
khushipatel2871@gmail.com
flowwyze@gmail.com
shivsons11@gmail.com
us.restaurantsmenu@gmail.com
boirorg@gmail.com
manishasaini7892@gmail.com
cr0n3@h0l0.io
retrotechreboot@gmail.com
jozef.spiska@tsimagine.com
aulecsiz@gmail.com
smedia.discountbuyblinds@gmail.com
vaishnavi.31pardeshi@gmail.com
soulgeekempowerment1@gmail.com
digitaljournal123@gmail.com
marigold.rentseo@gmail.com
nerissabautistaa@gmail.com
authorryleeh@gmail.com
jon@shiftwell.ai
a530d631-d1a2-4eec-9eed-6cd4899c5927@psmodule.io
hopefulbeginning.seo@gmail.com
hopefulbeginning.seo@gmail.com
buzzoidlive@outlook.com
psmodule@psmodule.io
surfhungryofficial@gmail.com
great.tanan@gmail.com
gary_wheeler@att.net
temptr4h@gmail.com
nadiajihad856@gmail.com
akunsaaemmanuel@gmail.com
vemula1357@gmail.com
levidyksen@gmail.com
risingearthphoenix@gmail.com
mefi.whir@skreak.com
andremojica7@gmail.com
kroblius6191@gmail.com
preeshy17@gmail.com
hdxx2022@gmail.com
justinhbyrum@outlook.com
huelalison82@gmail.com
wjsbiz1977@gmail.com
curvyelon@gmail.com
curvytrump@gmail.com
curvyelon@gmail.com
curvytrump@gmail.com
codingWithLoki@gmail.com
curvytrump@gmail.com
codingWithLoki@gmail.com
mikalaimikalalai@gmail.com
yuliiasorokata@gmail.com
saimblogger55@gmail.com
vayudigitalsolutions@gmail.com
cantmissus.social@gmail.com
hbux67276@gmail.com
vivetool52@gmail.com
samsngsmarttv1@gmail.com
hotlinesproutnames@gmail.com
sprunkiretakeio@gmail.com
futurefreelancer2024@gmail.com
periodinhockey@gmail.com
developmorgan@gmail.com
bhaveshbaria506@gmail.com
healthorbitseo@gmail.com
Marchubbard26@gmail.com
dmitrijrevo537@gmail.com
supriyapurkuti12@gmail.com
jeremiahn.harsojo@gmail.com
github7071@gmail.com
qilingz696@gmail.com
github7071@gmail.com
qilingz696@gmail.com
github7071@gmail.com
qilingz696@gmail.com
duxcoin1@gmail.com
dougrobin2@gmail.com
kinyuaanderson6@gmail.com
avag2815@gmail.com
abdulwahidmushtaq362@gmail.com
nickelchemdev@gmail.com
cauchucsinhnhat@gmail.com
infonicknames@gmail.com
0.luis.caporale.0@gmail.com
andreanneangle@gmail.com
tonysajid01@gmail.com
jamesthomasdev2001@gmail.com
creditflexwilson@gmail.com
DeepAIMeme@gmail.com
contact.jordansgarza@gmail.com
f4227174@gmail.com
correaximeanto98@gmail.com
loserlocker4@gmail.com
fruit.of.light.in.stl@gmail.com
businesspressreleaseagency@gmail.com
weddingringonlinestore@gmail.com
weddingringonlinestore@gmail.com
sdfrench1992@gmail.com
hotlineflowersname@gmail.com
srameshrn@gmail.com
brandiewhite10@gmail.com
srameshrn@gmail.com
srameshrn@gmail.com
brandiewhite10@gmail.com
nerdcaballero50@gmail.com
tadeletamirat70@gmail.com
mohamedabdiahmedd70@gmail.com
theblackchatlines@gmail.com
zgochenour@gmail.com
hz1330995546@gmail.com
tracylewisrev@gmail.com
tamilmathi2125@gmail.com
rcoder0904@gmail.com
forthstore7@gmail.com
anuragkumarobs@gmail.com
charu2708@gmail.com
feoretouch@gmail.com
darylemmanuelvailoceschua@gmail.com
jmcarcarecenter@gmail.com
shree76bhagya@gmail.com
sashishsh19@gmail.com
infosillyquestions@gmail.com
shoyebakter.me@gmail.com
shoyebakter.me@gmail.com
4rebootmc@gmail.com
qasoloviova@gmail.com
doctorsick332@gmail.com
info.21dreamz@gmail.com
teuinc701@gmail.com
jude.nana.baffoe@gmail.com
agumba.john@gmail.com
agumba.john@gmail.com
longpatrick3317@gmail.com
farahfirdavsi@gmail.com
tisharifiy@gmail.com
muthannakareem99@gmail.com
globalgeosofts@gmail.com
goremartin205@gmail.com
nextdoormoversusa@gmail.com
reactdevelopersio@gmail.com
ilikeusahana@gmail.com
kcoharra@gmail.com
studentactingfun@gmail.com
webinovative3@gmail.coM
ihatecbts314@gmail.com
1504tankist1504@gmail.com
defixhabibi@gmail.com
m35552909@gmail.com
worthmetricllc@gmail.com
kieranprovost@gmail.com
alex.the.lange@gmail.com
arboristportlandor@gmail.com
arboristportlandor@gmail.com
charlieluxuryhome@gmail.com
oneapks71@gmail.com
adelinaparker19@gmail.com
sharkpoolserviceusa@gmail.com
tysonastickney@gmail.com
tysonastickney@gmail.com
tysonastickney@gmail.com
Dr.B.Ishmael@gmail.com
thehollerwv@gmail.com
bousebike320@gmail.com
custompackaginghoustontx@gmail.com
mohmandmanezha@gmail.com
gutubeboi@gmail.com
loomisheatandcool@gmail.com
milkaya537@gmail.com
globalglasspipesusa@gmail.com
bcssc25@gmail.com
pinoyy15@gmail.com
webfishingonline.org@gmail.com
drakimaofficial@gmail.com
sylvannstar@gmail.com
hotlinelovelines@gmail.com
othersamehere@gmail.com
paulhay125@gmail.com
swbmayo24@gmail.com
jenniferlaurelinbiddle@gmail.com
amandarusk1990@gmail.com
amandarusk1990@gmail.com
vignesheljen@gmail.com
flightsquest@gmail.com
balochshehreena@gmail.com
saphyrakerbs@gmail.com
jeffbeck87@gmail.com
jeffbeck87@gmail.com
felecia.ollila@gmail.com
Bubba988734999@Gmail.com
social.lightingagreenerfuture@gmail.com
javiercuencafl@gmail.com
rbipog@gmail.com
beaversdentistry27511@gmail.com
messydavid80@gmail.com
demohub.dev@gmail.com
alifarooq2006123@gmail.com
wesleylewis86@gmail.com
garrett.folke.nelson@gmail.com
paul.huntsberger@healthiergeneration.org
deckhart@structuralsteeltech.com
garret@gssyler.com
allancareerz@gmail.com
uniquesdata7@gmail.com
camaronordonez@citationemail.com
interacwiththereeves@gmail.com
zach.thomas@marquisware.com
warthunder.usmc@gmail.com
warthunder.usmc@gmail.com
queen@arizona.edu
scott.crowder@smithgroup.com
mrazu@ualr.edu
algoshift2001@gmail.com
marklee@utdallas.edu
michaelandrewstoddard@gmail.com
melvinchibanda@gmail.com
valpetrov.soccer@gmail.com
akuvalis@ivytech.edu
valpetrov.soccer@gmail.com
Maerkendice@gmail.com
dish.digital.us@gmail.com
alex@alexidk.dev
abfahimb@gmail.com
dev@slfstrg.com
christian_thompson@mac.com
github-research@scottjwalter.consulting
z@faircapital.com
marcoisland.crypto@gmail.com
ajayrajendrakumar8@gmail.com
ljhofer@gmail.com
jonathan.jerke@quantumgalaxies.com
eleow1@jh.edu
help@boldbi.com
pradeep.padmakumar91@gmail.com
scoghill1955@gmail.com
timofey@tenderware.ru
takashizono@gmail.com
ak8480@rit.edu
Mark.Holman@orlandowhitney.com
kasibabdullah8@gmail.com
kasibabdullah8@gmail.com
rodriguez.luis020797@gmail.com
shipman2t@gmail.com
justin.clark@terumobct.com
noc@telnexus.com
hello@fullstacakion.com
cshanebarron@gmail.com
frujuniorp@gmail.com
macdonaldlandscapeco@gmail.com
amanda.bradford@noaa.gov
vaishv2001@gmail.com
john.n@cyberdime.io
grassrootsdemhq@gmail.com
knox@logick.live
alisa.coffin@usda.gov
flori1993bk@gmail.com
jeff@fastestknowntime.com
BadOmenClub@gmail.com
juan.nino@marktechconsulting.com
marisa.roman@cornelisnetworks.com
david.pleasance@nutanix.com
david.pleasance@nutanix.com
subhashbs36@gmail.com
vs@uavos.com
connect@aaronschoi.com
rbooth@mastercontrol.com
brandondorsey42@gmail.com
pmanning@intanalytic.com
shojaei.pouya88@gmail.com
dilipepparapalli@gmail.com
e.lisikhina@g.nsu.ru
antonrozdobudko@gmail.com
ezekielmichaelhumbo98@gmail.com
sprystupa@salesforce.com
cameron@becexcavating.com
shaine@vorakortech.io
mergeconflict@oceandruid.dev
toghrultahirov@gmail.com
suleimantaofik6@gmail.com
russell.juphy@gmail.com
harish.sukhwani@intel.com
vince@flourishmade.com
vince@flourishmade.com
michael.l.londino@hotmail.com
jayden.savarinath@gmail.com
reneirakoze11@gmail.com
thomas@thomasjudkins.com
austinahunter@gmail.com
steveantoniosilva@gmail.com
Lordmk.661366@gmail.com
mgkhodary@gmail.com
henry.krukauskas@gmail.com
renoirlucena@gmail.com
drfreudj88@gmail.com
aviatorcloudy@gmail.com
chrisfretz@gmail.com
deeplanakhan@gmail.com
destroyonload@gmail.com
lynchfrankie69@gmail.com
song.fan@exlservice.com
ray36gomez@gmail.com
dfy.mali1412@gmail.com
michaelemery828@gmail.com
cstubbs@ramboll.com
michaelemery828@gmail.com
cstubbs@ramboll.com
troy.h.jacobson@gmail.com
pushon.mukherjee@gmail.com
gleghornlab@gmail.com
mikemooremediallc@gmail.com
hello@goodstep.app
skusum70@gmail.com
kheori@phoenixfiredevelopment.com
alexey.d.klimkin@intel.com
jr@swanfinance.io
kaushik.ghosh@sage.com
jbstephenson39@gmail.com
elbincenisev@outlook.com
alimussifar@ymail.com
Vaishnavi.Chordiya@cloud.com
theevildoctorsinewave@gmail.com
acaorizondo@gmail.com
paulo.r.zanoni@intel.com
timscoding@protonmail.com
jbo_chitown1369@hotmail.com
michaelemery828@gmail.com
cstubbs@ramboll.com
troy.h.jacobson@gmail.com
pushon.mukherjee@gmail.com
gleghornlab@gmail.com
mikemooremediallc@gmail.com
hello@goodstep.app
skusum70@gmail.com
kheori@phoenixfiredevelopment.com
alexey.d.klimkin@intel.com
jr@swanfinance.io
kaushik.ghosh@sage.com
jbstephenson39@gmail.com
elbincenisev@outlook.com
alimussifar@ymail.com
Vaishnavi.Chordiya@cloud.com
theevildoctorsinewave@gmail.com
acaorizondo@gmail.com
michaelemery828@gmail.com
cstubbs@ramboll.com
troy.h.jacobson@gmail.com
pushon.mukherjee@gmail.com
gleghornlab@gmail.com
mikemooremediallc@gmail.com
hello@goodstep.app
skusum70@gmail.com
kheori@phoenixfiredevelopment.com
alexey.d.klimkin@intel.com
jr@swanfinance.io
kaushik.ghosh@sage.com
jbstephenson39@gmail.com
elbincenisev@outlook.com
alimussifar@ymail.com
Vaishnavi.Chordiya@cloud.com
theevildoctorsinewave@gmail.com
acaorizondo@gmail.com
paulo.r.zanoni@intel.com
timscoding@protonmail.com
jbo_chitown1369@hotmail.com
alouis752@yahoo.com
dhruvidesai4402@gmail.com
stewartsorrells2@gmail.com
stephenrgentry@gmail.com
quinn.j.russell@gmail.com
harish.sukhwani@intel.com
vince@flourishmade.com
michael.l.londino@hotmail.com
jayden.savarinath@gmail.com
reneirakoze11@gmail.com
thomas@thomasjudkins.com
austinahunter@gmail.com
mochibagelbaby@gmail.com
jonathantrang.js@gmail.com
olawaleasher@protonmail.ch
ntoshin1997@gmail.com
cyshell278@gmail.com
hguimon@gmail.com
fractaldruid@gmail.com
yaya2622.dmmkss17@gmail.com
aaronj.park0304@gmail.com
thomas.jones1@students.snow.edu
FlaccidFacade@pm.me
taylormartin1400@gmail.com
clayton.peeples@satellite.im
bbrowng16@gmail.com
k.iyer@ufl.edu
rishikasharma0064@gmail.com
azer.ibrahimli.98@gmail.com
strojap@gmail.com
kristina02020@gmail.com
achisholm@newrelic.com
sascryptos@gmail.com
gmconklin@gmail.com
derek.bruinooge@gmail.com
nfdoges@gmail.com
das149848@gmail.com
aaronj.park0304@gmail.com
thomas.jones1@students.snow.edu
FlaccidFacade@pm.me
taylormartin1400@gmail.com
clayton.peeples@satellite.im
bbrowng16@gmail.com
k.iyer@ufl.edu
jbo_chitown1369@hotmail.com
alouis752@yahoo.com
dhruvidesai4402@gmail.com
stewartsorrells2@gmail.com
stephenrgentry@gmail.com
quinn.j.russell@gmail.com
harish.sukhwani@intel.com
vince@flourishmade.com
michael.l.londino@hotmail.com
jayden.savarinath@gmail.com
reneirakoze11@gmail.com
thomas@thomasjudkins.com
austinahunter@gmail.com
mochibagelbaby@gmail.com
jonathantrang.js@gmail.com
olawaleasher@protonmail.ch
ntoshin1997@gmail.com
cyshell278@gmail.com
hguimon@gmail.com
fractaldruid@gmail.com
yaya2622.dmmkss17@gmail.com
gonz0x@onsqrl.art
sciencehutch@gmail.com
social@onemorestarmedia.com
kelsangrtsering@gmail.com
it@jaalves.com
avinashchaluvadi.jobs@gmail.com
simeon_stankov@hotmail.com
nowahkdev@gmail.com
markhsmith1966@gmail.com
thebing2002@outlook.com
samuel@samuelsilva.io
haydenwstone@gmail.com
akinladegbemisola16@gmail.com
zi-xun.ai@snowflake.com
orrb@google.com
egevtech@gmail.com
lyipeng@umich.edu
gonz0x@onsqrl.art
sciencehutch@gmail.com
social@onemorestarmedia.com
kelsangrtsering@gmail.com
it@jaalves.com
avinashchaluvadi.jobs@gmail.com
simeon_stankov@hotmail.com
nowahkdev@gmail.com
markhsmith1966@gmail.com
thebing2002@outlook.com
samuel@samuelsilva.io
haydenwstone@gmail.com
akinladegbemisola16@gmail.com
zi-xun.ai@snowflake.com
orrb@google.com
egevtech@gmail.com
lyipeng@umich.edu
github@tekfocus.com
inavolu.a@northeastern.edu
BellJrDev@gmail.com
rafboah@gmail.com
sandip0735@gmail.com
varadharajan.sriram@nbcuni.com
ijgggr@gmail.com
egevtech@gmail.com
lyipeng@umich.edu
egevtech@gmail.com
lyipeng@umich.edu
github@tekfocus.com
inavolu.a@northeastern.edu
BellJrDev@gmail.com
egevtech@gmail.com
lyipeng@umich.edu
github@tekfocus.com
inavolu.a@northeastern.edu
BellJrDev@gmail.com
rafboah@gmail.com
sandip0735@gmail.com
varadharajan.sriram@nbcuni.com
ijgggr@gmail.com
dhamel.eng@gmail.com
spookygraver@gmail.com
cameron.cumberland@suse.com
ralf.konietzka@cfa.harvard.edu
timkresler@microsoft.com
Btcilluminati@gmail.com
git@awideweb.com
CWhitlatch42@proton.me
chiragkalsariya6@gmail.com
ShrineDynamics@gmail.com
hello@iamgrammaresque.com
kassidy.rhoades@gmail.com
jbm@iowifi6.net
nassiri.mohamadhosein@gmail.com
jesse@thehawkins.us
sandersamber546@gmail.com
me@atlaskopka.com
adityasngpta@gmail.com
luizantoniomoretti@icloud.com
namanpatel1997@yahoo.com
dylozon@gmail.com
omri.green1@gmail.com
lunyu.ma@intel.com
1impy@momenttickets.com
shivenpatel@umass.edu
kassidy.rhoades@gmail.com
jbm@iowifi6.net
nassiri.mohamadhosein@gmail.com
jesse@thehawkins.us
sandersamber546@gmail.com
me@atlaskopka.com
adityasngpta@gmail.com
luizantoniomoretti@icloud.com
namanpatel1997@yahoo.com
dylozon@gmail.com
omri.green1@gmail.com
lunyu.ma@intel.com
1impy@momenttickets.com
shivenpatel@umass.edu
pvmadhav@asu.edu
seanmonsanto06@icloud.com
kaleperry@yahoo.com
ajacquah@gmail.com
sac@cheesecake.org
dl.vance0609@gmail.com
aserrano1@mgh.harvard.edu
aserrano1@mgh.harvard.edu
krishna.mycreativespace@gmail.com
jacksonmciver11@gmail.com
tstevens534@gmail.com
ureshgeeshan@live.com
imassigoge@ksu.edu
haokunz@andrew.cmu.edu
diwakarchoubey77@gmail.com
dev@flynn.network
prashu1616@gmail.com
ocacatgithub@gmail.com
twumasiafia@gmail.com
rev@informous.org
edeleu@princeton.edu
daniel.hill@mongodb.com
brycen.bowers01@gmail.com
mdh1060@student.phsc.edu
floryyx@gmail.com
jakodian@ashaden.com
devarshipatel004@gmail.com
chanyahanako@gmail.com
quinncg.dev@gmail.com
chanyahanako@gmail.com
chanyahanako@gmail.com
quinncg.dev@gmail.com
mclesterdelacruz@yahoo.com
joseph.henry.hargrove@gmail.com
pixiegirl278@gmail.com
brian@fruitful.fi
ali.guseynof2503@gmail.com
patrick.masson@apereo.org
CarDuckSasuke@gmail.com
aviatorman23@gmail.com
deathenger@gmail.com
dylanisaiahp@gmail.com
kurt@algorithmspeak.com
doris199101@gmail.com
hi@animalmade.com
jim@biglost.com
matt@gratsets.com
nnduyhung3112@gmail.com
joshua@nafzigers.us
chadgroom17@gmail.com
jzeltner@uncc.edu
alex@upsocia.com
jzeltner@uncc.edu
alex@upsocia.com
yshin@amnh.org
luckythemudhound@gmail.com
thezoebryant@gmail.com
social@pressaccept.com
aluna@lusec.com
nimeshdahal529@gmail.com
tyler.s.lang57@gmail.com
sean.brundle@sage.com
edricweed1990@gmail.com
yzhang2536@wisc.edu
donald.kunz@us.af.mil
help@salesroom.com
ahmedgouda797@gmail.com
tavramov@netskope.com
sjwalter@gmail.com
dong0265@umn.edu
jgalle@monticello.org
james.kirkham@kroger.com
wcolley@logisync.com
rohitverma0150@gmail.com
wcolley@logisync.com
rohitverma0150@gmail.com
josephahenninger@gmail.com
ebrooks@salesforce.com
matt.shein@autonomic.com
pushparaj.g@northeastern.edu
pushparaj.g@northeastern.edu
azimuthtechusa@gmail.com
eresagomez@icloud.com
santoshkumar.laxminarayan.rai@intel.com
maoall5@yandex.ru
ryan@yalo.com
management@torspace.net
InspectorUX@gmail.com
spidermonkeyj75@gmail.com
contactafraim@gmail.com
milesbgriffith@gmail.com
nico@alonsofroeling.com
d.p.gordiychenko@student.khai.edu
piyushshivrain91@gmail.com
debabrata.mohapatra@intel.com
jake@nft.org
alex1.jones@intel.com
rg85@njit.edu
adp@fastmail.us
m1662576219@gmail.com
mreyes@empirewc.com
woochang_kim@berkeley.edu
gavrilitadorin5@gmail.com
buechele.5@osu.edu
eduiam@rumbero.net
gabazied@liberty.edu
alex1.jones@intel.com
rg85@njit.edu
adp@fastmail.us
m1662576219@gmail.com
mreyes@empirewc.com
woochang_kim@berkeley.edu
gavrilitadorin5@gmail.com
buechele.5@osu.edu
alex1.jones@intel.com
rg85@njit.edu
adp@fastmail.us
m1662576219@gmail.com
mreyes@empirewc.com
woochang_kim@berkeley.edu
gavrilitadorin5@gmail.com
mreyes@empirewc.com
woochang_kim@berkeley.edu
gavrilitadorin5@gmail.com
buechele.5@osu.edu
eduiam@rumbero.net
gabazied@liberty.edu
iamlenny.dev@gmail.com
jians4@illinois.edu
kevenleng2003@gmail.com
markacevee@outlook.com
fregly@rice.edu
manasasathyan@gmail.com
dsilverman@column5.com
ilyaalexandrovich.klekovkin@pfizer.com
tariqzdwekat@gmail.com
kittyvamp1884@gmail.com
mibesto803@gmail.com
aklbeard@hotmail.com
yanro125996@gmail.com
angelharini18@gmail.com
haridaspremkumar@gmail.com
toxicflame427@gmail.com
jeremybutts@icloud.com
dipsarker.82@gmail.com
alexk9081@gmail.com
sessiaminsk@gmail.com
me@chanakyalokam.com
juntuo_wang@brown.edu
shivanijayant16@gmail.com
jmarinez@montgomerycollege.edu
Rick@Kastlemark.com
olimova694@gmail.com
jason.morris@intel.com
icastilleja@uco.edu
tachavkin@gmail.com
arturgomes00z0@gmail.com
jtstout@protonmail.com
jake.a.labate@gmail.com
toa3dprinting@gmail.com
fasteddydev@gmail.com
intheparkij@gmail.com
aklbeard@hotmail.com
yanro125996@gmail.com
angelharini18@gmail.com
haridaspremkumar@gmail.com
toxicflame427@gmail.com
jeremybutts@icloud.com
dipsarker.82@gmail.com
alexk9081@gmail.com
sessiaminsk@gmail.com
me@chanakyalokam.com
juntuo_wang@brown.edu
shivanijayant16@gmail.com
jmarinez@montgomerycollege.edu
Rick@Kastlemark.com
olimova694@gmail.com
jason.morris@intel.com
icastilleja@uco.edu
tachavkin@gmail.com
arturgomes00z0@gmail.com
jtstout@protonmail.com
jake.a.labate@gmail.com
toa3dprinting@gmail.com
fasteddydev@gmail.com
intheparkij@gmail.com
Syed.Nawaz@pfizer.com
x_v177a1n@protonmail.com
jacobo.garcessj@gmail.com
jonwardtn@comcast.net
aklbeard@hotmail.com
yanro125996@gmail.com
angelharini18@gmail.com
haridaspremkumar@gmail.com
toxicflame427@gmail.com
jeremybutts@icloud.com
dipsarker.82@gmail.com
alexk9081@gmail.com
sessiaminsk@gmail.com
me@chanakyalokam.com
juntuo_wang@brown.edu
shivanijayant16@gmail.com
jmarinez@montgomerycollege.edu
Rick@Kastlemark.com
olimova694@gmail.com
jason.morris@intel.com
icastilleja@uco.edu
tachavkin@gmail.com
arturgomes00z0@gmail.com
jtstout@protonmail.com
jake.a.labate@gmail.com
jake.a.labate@gmail.com
toa3dprinting@gmail.com
fasteddydev@gmail.com
intheparkij@gmail.com
steve@wiscota.com
steve@wiscota.com
steve@wiscota.com
mackenab@vt.edu
slords@lordsfam.net
evoturvey@gmail.com
karenpalensl@gmail.com
josh@surber.us
arturo.martinez@pearson.com
lawrance.liu@mediatek.com
peterb@cequs.com
rpkeane@gmail.com
Joe@Stagner.net
daleoffret@gmail.com
carl@demarcken.org
tom_markel@markelsoft.com
pcdocpro.com@gmail.com
hello@papertower.com
bjornarneson@gmail.com
adam@getadamant.com
fastlearner@gmail.com
chaz@benzassoc.com
jrtayloriv@gmail.com
jrtayloriv@gmail.com
steven.barlow@gmail.com
jrtayloriv@gmail.com
steven.barlow@gmail.com
what@fuelsyourcyb.org
chris@concepthouse.com
owestesson@guardanthealth.com
bondy100@gmail.com
usr_local@slackstuff.com
v70x@pm.me
joel.jauregui@gmail.com
ed@edschwehm.com
xy12180@gmail.com
dyancich@weathergagetech.com
travis@whitedwarf.org
sayremd@gmail.com
ersiny@gmail.com
github@scrappydog.com
atomiczagnut@gmail.com
jeffrey.t.harper@gmail.com
tim.kraska@gmail.com
mojoerichill@yahoo.com
lorn.christal@ismi.sematech.org
ben@bstruthers.com
github@niconet2k.com
ekontsevoy@profista.com
anthony.maley@vouch.io
jgraveskc@gmail.com
michael-hewitt@sbcglobal.net
alwaysovercast@gmail.com
princeverma@gmail.com
tejeshwar.s@gmail.com
vagredajr@gmail.com
jlone05@gmail.com
shivprasad@gmail.com
halljb57@gmail.com
me@manuelmejia.com
sebastien.vigneau@gmail.com
sasykes68@gmail.com
ripduman.sohan@gmail.com
michael.deardeuff@gmail.com
fdorigo@gmail.com
buettner.scott@gmail.com
services@tropikmedia.com
a.zelenin@outlook.com
rodrigofelixdealmeida@gmail.com
ari.shamash@gmail.com
josh@noobbox.com
fdorigo@gmail.com
buettner.scott@gmail.com
fdorigo@gmail.com
buettner.scott@gmail.com
services@tropikmedia.com
a.zelenin@outlook.com
rodrigofelixdealmeida@gmail.com
ari.shamash@gmail.com
josh@noobbox.com
eric.gach@gmail.com
github@jokton.com
marpierc@iu.edu
troy.stribling@usi.com
dbolene@yahoo.com
randy@randykerber.com
waa-github@revpol.com
dakshay@gmail.com
sergiorivas@gmail.com
dmartin@dmartin.org
sethc@screenius.com
sync.demon@gmail.com
kontrolakka@gmail.com
nick@slevkoff.com
rrittenhouse@gmail.com
Darpan.Dinker@schoonerinfotech.com
donkitchen@gmail.com
dean@quiteclose.net
fdorigo@gmail.com
fdorigo@gmail.com
fdorigo@gmail.com
fdorigo@gmail.com
fdorigo@gmail.com
fdorigo@gmail.com
buettner.scott@gmail.com
fdorigo@gmail.com
buettner.scott@gmail.com
services@tropikmedia.com
a.zelenin@outlook.com
rodrigofelixdealmeida@gmail.com
ari.shamash@gmail.com
fdorigo@gmail.com
buettner.scott@gmail.com
services@tropikmedia.com
a.zelenin@outlook.com
rodrigofelixdealmeida@gmail.com
ari.shamash@gmail.com
josh@noobbox.com
eric.gach@gmail.com
github@jokton.com
marpierc@iu.edu
troy.stribling@usi.com
dbolene@yahoo.com
randy@randykerber.com
waa-github@revpol.com
dakshay@gmail.com
sergiorivas@gmail.com
dmartin@dmartin.org
sethc@screenius.com
sync.demon@gmail.com
kontrolakka@gmail.com
nick@slevkoff.com
nick@slevkoff.com
rrittenhouse@gmail.com
Darpan.Dinker@schoonerinfotech.com
donkitchen@gmail.com
dean@quiteclose.net
amax@mobilewebup.com
greg@flavorstudios.com
paulpencola@gmail.com
kevinpfromnm@gmail.com
koppacetic@gmail.com
jeff.parent@gmail.com
richwolf@me.com
pwilkins.mit@gmail.com
matt@favoritemo.com
jstn@jstnryan.com
haylo75@gmail.com
chao@nextsmallthings.com
finneycanhelp@gmail.com
thushan@thushan.net
mark@catseye.org
jasonlblakeley@gmail.com
lee@leeboone.com
herrjanvier@hotmail.com
jasonlblakeley@gmail.com
lee@leeboone.com
jasonlblakeley@gmail.com
lee@leeboone.com
herrjanvier@hotmail.com
seventhoftevet@gmail.com
dick.seabrook@gmail.com
gordonhennesy@gmail.com
jason.rabolli@gmail.com
slothman@mithriltabby.com
ashack@gmail.com
cguiney@gmail.com
kevin@k-schwarz.com
mikkel@gmail.com
davidlantner@gmail.com
gainward01@hotmail.de
uwesch62@gmail.com
ccgillett@gmail.com
slangley@scharp.org
michael_lee_squires@pobox.com
dsh@dsh.org
marklaff@gmail.com
ej@coding-zone.com
jasonlblakeley@gmail.com
lee@leeboone.com
herrjanvier@hotmail.com
seventhoftevet@gmail.com
dick.seabrook@gmail.com
gordonhennesy@gmail.com
jason.rabolli@gmail.com
slothman@mithriltabby.com
ashack@gmail.com
cguiney@gmail.com
kevin@k-schwarz.com
mikkel@gmail.com
davidlantner@gmail.com
gainward01@hotmail.de
uwesch62@gmail.com
ccgillett@gmail.com
slangley@scharp.org
michael_lee_squires@pobox.com
dsh@dsh.org
marklaff@gmail.com
ej@coding-zone.com
jasonlblakeley@gmail.com
lee@leeboone.com
herrjanvier@hotmail.com
seventhoftevet@gmail.com
dick.seabrook@gmail.com
gordonhennesy@gmail.com
jason.rabolli@gmail.com
slothman@mithriltabby.com
ashack@gmail.com
cguiney@gmail.com
kevin@k-schwarz.com
mikkel@gmail.com
davidlantner@gmail.com
gainward01@hotmail.de
uwesch62@gmail.com
ccgillett@gmail.com
slangley@scharp.org
michael_lee_squires@pobox.com
dsh@dsh.org
ej@coding-zone.com
ej@coding-zone.com
tom.fawcett@gmail.com
miranda@xyla.net
jeglin@sysarc.com
dleffler@hughes.net
kyle@bilden.co
me@landonlewis.com
haroon@blittergames.com
goodcodeguy@gmail.com
github@readypress.com
chrisbac@gmail.com
thegibson.ecom@gmail.com
jefecoon@gmail.com
bumpper@gmail.com
gknowles@ieee.org
michael.j.carman@gmail.com
albus.sonitus@gmail.com
wright@servicelevel.net
iam@kujbor.com
rajivdeo@gmail.com
matthew@hagreli.us
richwellman@hotmail.com
jimmy.ventura@gmail.com
george@dupanet.com
niru_neen1282@yahoo.com
ryan@kearney.io
github@matthewtanner.com
brianleeucsd@gmail.com
mabraham1@gmail.com
aparajit.saigal@stappoo.com
kinyelo@gmail.com
rob.shinn@gmail.com
nathaniel.cunningham@gmail.com
amaltas@google.com
ed_macaraeg@hotmail.com
wjl@icecavern.net
ckb123@gmail.com
wayne@stidolph.com
ryan@paluminum.net
skipk59@gmail.com
tony@delaris.com
bsittler@gmail.com
josh.blair@gmail.com
dremsen@mbl.edu
amdantsker@gmail.com
hello@aarongarcia.com
rundeks@hotmail.com
josh@joshoak.es
adriana.szekeres@gmail.com
joe@thrallingpenguin.com
krb@docutell.com
paul@prjorgensen.com
jpl.jpl@gmail.com
tony@delaris.com
bsittler@gmail.com
josh.blair@gmail.com
dremsen@mbl.edu
amdantsker@gmail.com
hello@aarongarcia.com
rundeks@hotmail.com
josh@joshoak.es
adriana.szekeres@gmail.com
joe@thrallingpenguin.com
krb@docutell.com
paul@prjorgensen.com
jpl.jpl@gmail.com
jtp10181@gmail.com
github@npanov.com
michael@redmule.com
victor@stevko.com
andrew@pitonyak.org
scott@jaegertech.com
vera.stepenski@idt.net
github@npanov.com
github@npanov.com
github@npanov.com
michael@redmule.com
victor@stevko.com
andrew@pitonyak.org
parhydjmukdumpl@gmail.com
socolive2ad@gmail.com
johzypjnezlinet@gmail.com
parhydjmukdumpl@gmail.com
socolive2ad@gmail.com
johzypjnezlinet@gmail.com
hungpikatv@gmail.com
tuannguyen.02042005@gmail.com
giang.ngvtrg@gmail.com
22145167@student.hcmute.edu.vn
thanhnguyensa8162@gmail.com
bjemzaj39@gmail.com
hoa.larvl@gmail.com
tuantran01@maisonrmi.com
rebacegli877@gmail.com
toanda@rikkeisoft.com
duc01667855702@gmail.com
mmuthe207@gmail.com
go99bpro@gmail.com
loralende735@gmail.com
ekean385@gmail.com
bhusanbhusan704@gmail.com
danphuongneee@gmail.com
kuhlm544@gmail.com
giang.dh238678@sis.hust.edu.vn
kuhlm544@gmail.com
giang.dh238678@sis.hust.edu.vn
violamalco360@gmail.com
lehoangtrongcsgl@gmail.com
nastastuhl539@gmail.com
hoang.nm@briswell-vn.com
elsumurad2k@gmail.com
roswa6445@gmail.com
khangttgce200292@gmail.com
vivian.nguyen@avepoint.com
sidneradig415@gmail.com
an3101999@outlook.com
sale@fluxthemes.com
faiclub.fuct@gmail.com
dieuhuongoke88com@gmail.com
omomom338899@gmail.com
ivyf3997@gmail.com
nganptb.h2tmedia@gmail.com
acerbiamanfan@gmail.com
aloc4817@gmail.com
email@tuth.site
jeanwanne681@gmail.com
nhanphh2003@gmail.com
schudpjuasmitzi@gmail.com
TheAnhNoob123@gmail.com
23071226@vnu.edu.vn
babyandprincess@gmail.com
froncstoya645@gmail.com
phatngoh2t@gmail.com
nhacai789win5live@gmail.com
good88xn@gmail.com
kuwin11biz@gmail.com
se815919@gmail.com
phuthinhtran1234@gmail.com
lkduy110305@gmail.com
thang.cao@monstar-lab.com
nguyenphanvn95@gmail.com
hotro68winappio@gmail.com
jumpchloe746@gmail.com
curtmorit96@gmail.com
mczoneofwonders@gmail.com
trantai21032007@gmail.com
m.multiedu@gmail.com
blondverno714@gmail.com
mm88dayvn@gmail.com
gcarpe528@gmail.com
hello@umbertogiacobbi.biz
kuhlm544@gmail.com
kuhlm544@gmail.com
giang.dh238678@sis.hust.edu.vn
violamalco360@gmail.com
lehoangtrongcsgl@gmail.com
nastastuhl539@gmail.com
hoang.nm@briswell-vn.com
elsumurad2k@gmail.com
roswa6445@gmail.com
khangttgce200292@gmail.com
vivian.nguyen@avepoint.com
sidneradig415@gmail.com
an3101999@outlook.com
sale@fluxthemes.com
faiclub.fuct@gmail.com
dieuhuongoke88com@gmail.com
omomom338899@gmail.com
ivyf3997@gmail.com
nganptb.h2tmedia@gmail.com
acerbiamanfan@gmail.com
aloc4817@gmail.com
email@tuth.site
jeanwanne681@gmail.com
nhanphh2003@gmail.com
kuhlm544@gmail.com
giang.dh238678@sis.hust.edu.vn
violamalco360@gmail.com
lehoangtrongcsgl@gmail.com
nastastuhl539@gmail.com
hoang.nm@briswell-vn.com
elsumurad2k@gmail.com
roswa6445@gmail.com
khangttgce200292@gmail.com
vivian.nguyen@avepoint.com
sidneradig415@gmail.com
an3101999@outlook.com
sale@fluxthemes.com
faiclub.fuct@gmail.com
dieuhuongoke88com@gmail.com
omomom338899@gmail.com
ivyf3997@gmail.com
nganptb.h2tmedia@gmail.com
acerbiamanfan@gmail.com
aloc4817@gmail.com
email@tuth.site
jeanwanne681@gmail.com
nhanphh2003@gmail.com
schudpjuasmitzi@gmail.com
TheAnhNoob123@gmail.com
23071226@vnu.edu.vn
babyandprincess@gmail.com
froncstoya645@gmail.com
omomom338899@gmail.com
ivyf3997@gmail.com
nganptb.h2tmedia@gmail.com
acerbiamanfan@gmail.com
aloc4817@gmail.com
email@tuth.site
jeanwanne681@gmail.com
nhanphh2003@gmail.com
schudpjuasmitzi@gmail.com
TheAnhNoob123@gmail.com
omomom338899@gmail.com
ivyf3997@gmail.com
nganptb.h2tmedia@gmail.com
acerbiamanfan@gmail.com
omomom338899@gmail.com
ivyf3997@gmail.com
nganptb.h2tmedia@gmail.com
acerbiamanfan@gmail.com
aloc4817@gmail.com
email@tuth.site
jeanwanne681@gmail.com
nhanphh2003@gmail.com
schudpjuasmitzi@gmail.com
TheAnhNoob123@gmail.com
23071226@vnu.edu.vn
babyandprincess@gmail.com
froncstoya645@gmail.com
phatngoh2t@gmail.com
nhacai789win5live@gmail.com
good88xn@gmail.com
kuwin11biz@gmail.com
se815919@gmail.com
phuthinhtran1234@gmail.com
lkduy110305@gmail.com
thang.cao@monstar-lab.com
thurnj994@gmail.com
meltol843@gmail.com
bzolta632@gmail.com
pierb5273@gmail.com
socoliveadult@gmail.com
nocelroszpswdne@gmail.com
8kbetcomim@gmail.com
aliwaris2salive@gmail.com
ngokluhvn@gmail.com
helick972@gmail.com
thurnj994@gmail.com
meltol843@gmail.com
bzolta632@gmail.com
pierb5273@gmail.com
socoliveadult@gmail.com
nocelroszpswdne@gmail.com
8kbetcomim@gmail.com
aliwaris2salive@gmail.com
thurnj994@gmail.com
meltol843@gmail.com
bzolta632@gmail.com
pierb5273@gmail.com
8xbet22top@gmail.com
heovlapp@gmail.com
alhhxvallaorla@gmail.com
anasta63964@gmail.com
andtb@xgamevn.com
8xbet22top@gmail.com
heovlapp@gmail.com
alhhxvallaorla@gmail.com
anasta63964@gmail.com
andtb@xgamevn.com
debugs.sys@gmail.com
anh.tran4@monstar-lab.com
krasn998@gmail.com
gornaashis202@gmail.com
hieudh@var-meta.com
poznin488@gmail.com
hagan.tran@avepoint.com
Hieulnqe180109@fpt.edu.vn
thurnjarozjccls@gmail.com
parfer217@gmail.com
tewam7760@gmail.com
ngan.lytran.cit22@eiu.edu.vn
ghelge018@gmail.com
auhilleroyrum@gmail.com
buituankiet926@gmail.com
natalie.nguyendinh@wavenet.com.tw
system@gmvbgroup.com
lundbp497@gmail.com
favilcpcpmdhadd@gmail.com
vua99locker@gmail.com
fi888dev@gmail.com
gmcilh83@gmail.com
khanhhoakt2k4@gmail.com
dogyghvrstsimon@gmail.com
jrocch442@gmail.com
gmcilh83@gmail.com
gmcilh83@gmail.com
khanhhoakt2k4@gmail.com
dogyghvrstsimon@gmail.com
gmcilh83@gmail.com
infor.inviettiencom@gmail.com
infor.inviettiencom@gmail.com
maycatcohondacom@gmail.com
22028305@vnu.edu.vn
maianhluyen@gmail.com
starlinganime9907@gmail.com
23600325@kthcm.edu.vn
eiriac624@gmail.com
23a1001d0020@students.hou.edu.vn
lareyo979@gmail.com
99winlondon@gmail.com
redbeaver26062002@gmail.com
michaeldang@dulieu6.com
custe032@gmail.com
xoilaccathie4re@gmail.com
junetofore@gmail.com
8kbetthelp@gmail.com
vothijxuan3507@gmail.com
xtokliving@gmail.com
runyosue165@gmail.com
bubetcredit@gmail.com
coangsang19@gmail.com
coangsang19@gmail.com
banca4rockingranch@gmail.com
marozjeron930@gmail.com
ducha7042@gmail.com
bonguyenvan87@gmail.com
flyh877@gmail.com
vu.vh87@outlook.com
90phutvvip@gmail.com
trantantu23.netgroup@gmail.com
xtokblack@gmail.com
le.quang.khai-b@sun-asterisk.com
33winid@gmail.com
mybrandname007@gmail.com
srdan409@gmail.com
koshitxtsatreas@gmail.com
license@xnetvn.net
33winid@gmail.com
mybrandname007@gmail.com
srdan409@gmail.com
koshitxtsatreas@gmail.com
license@xnetvn.net
789fcymru@gmail.com
terndete@gmail.com
ngduy10102006@gmail.com
binh.nguyenthanh@misumi.com.vn
quocbao.nguyen16102006@gmail.com
ngtrongduc106@gmail.com
vhome.seo02@gmail.com
michaelipz3ajenih9pvns@gmail.com
nithid459@gmail.com
rileyiiaminwpihdq2y9@gmail.com
l.m.aroyo@gmail.com
l.m.aroyo@gmail.com
l.m.aroyo@gmail.com
dlaw@dlaw.me
dev@nalramli.com
dmogilevski@gmail.com
sc@clnw.com
benbrandt22@gmail.com
danzbichorski@gmail.com
govind.naroji@gmail.com
kisurb@gmail.com
peter@petereddy.net
durangospace@gmail.com
tyelmene@knowledgeworkartisans.com
candace.v.butler@gmail.com
jashuac@bellsouth.net
utotwel@gmail.com
dana.parkth@gmail.com
vandreykiv@gmail.com
pharvener@objectframeworx.com
cpike@paciellogroup.com
selahlynch@gmail.com
peter@communityservers.com
mary@maryparke.com
witvox@gmail.com
me@iamdavidfox.com
robb.hensley@gmail.com
bill.catlin@yorkstreetlabs.com
sona2342@gmail.com
cposton@atlas-sys.com
cnanursing7@googlemail.com
jahanzaibaslam@outlook.com
jafar104@gmail.com
bandstra@hope.edu
jaredmacleod@gmail.com
furnival@gmail.com
eric@ebharding.com
j@earink.com
intrader@aol.com
klkittel@hotmail.com
jpheneger@gmail.com
carlton.remy@gmail.com
myers@pobox.com
dculb@cardera.com
craig.kennedy@samtec.com
malkostya@gmail.com
kevin@kiwimonk.com
dpachura@pontetec.com
jim.oflaherty.jr@gmail.com
cpekiner@hotmail.com
gtwilliams@gmail.com
proybal@yahoo.com
john@pcpros.com
smohanty@mohantyfamily.org
shai.yeshayahu@gmail.com
moonho.hwang@gmail.com
pbournias@hotmail.com
jahnavi.athuluru@gmail.com
siw@coolpowers.com
aaron@oasislabs.net
lorin.lund@gmail.com
carlos.afanador@originaction.com
tony27587@gmail.com
chris@premiumsoftware.net
raghavendrambk@gmail.com
rob@agilebits.com
sahomesseo@gmail.com
joshua@joshriddle.com
wa6blf@gmail.com
jamesflynn@gmail.com
open3dp@gmail.com
bandstra@hope.edu
bandstra@hope.edu
jaredmacleod@gmail.com
bandstra@hope.edu
jaredmacleod@gmail.com
bandstra@hope.edu
jaredmacleod@gmail.com
furnival@gmail.com
eric@ebharding.com
j@earink.com
intrader@aol.com
klkittel@hotmail.com
jpheneger@gmail.com
carlton.remy@gmail.com
myers@pobox.com
dculb@cardera.com
craig.kennedy@samtec.com
malkostya@gmail.com
kevin@kiwimonk.com
dpachura@pontetec.com
jim.oflaherty.jr@gmail.com
cpekiner@hotmail.com
gtwilliams@gmail.com
proybal@yahoo.com
john@pcpros.com
smohanty@mohantyfamily.org
shai.yeshayahu@gmail.com
moonho.hwang@gmail.com
pbournias@hotmail.com
jahnavi.athuluru@gmail.com
siw@coolpowers.com
aaron@oasislabs.net
lorin.lund@gmail.com
carlos.afanador@originaction.com
tony27587@gmail.com
chris@premiumsoftware.net
raghavendrambk@gmail.com
rob@agilebits.com
sahomesseo@gmail.com
joshua@joshriddle.com
wa6blf@gmail.com
jamesflynn@gmail.com
open3dp@gmail.com
josh.joelpp@hotmail.com
omasback@gmail.com
gene@innovativewebdesign.net
callmearia.dev@gmail.com
serotonin@gmail.com
bcrosbee@cdgworks.com
scohen@nvidia.com
mmuratet@irepertoire.com
ericsoriano2011@gmail.com
jmoroski@gmail.com
aldabright@yahoo.com
swaroop.oggu@gmail.com
tetsuya.ietf@gmail.com
drakehamp@gmail.com
boratko@gmail.com
oscarespinoza@gmail.com
jflearn@logicbrush.com
bruce@jaxfam.org
abusht@gmail.com
gary@shortsands.com
dreid@rti.org
ben.mearns@gmail.com
david.aldridge@linuxmail.org
briank@kappacs.com
shomnat@yahoo.com
glencraw4d@gmail.com
aaronjohnsonis@gmail.com
penumbraposts@yahoo.com
mpurdy1973work@gmail.com
northband@gmail.com
nikita@nikitamakeyev.com
necromaster68@gmail.com
hiren011@yahoo.com
tom.haws@gmail.com
yuchanghong@gmail.com
tony.harmelink@gmail.com
jon@jon-schwartz.com
tsatishk@hotmail.com
garadox47@gmail.com
cciampaglia@yahoo.com
williamsacks@gmail.com
rahul.arora.dce@gmail.com
vizhanyo.mihaly@gmail.com
skhan@cubiclelogic.com
joe@dzoic.com
justhal@gmail.com
ddennington@maestrodev.com
mkwired@gmail.com
slidecraft.innovations@gmail.com
masonfoley@gmail.com
aron.braggans@gmail.com
david@rightagents.com
n3npq@mac.com
pomp.minis0e@icloud.com
junbagares@gmail.com
jeff@jeffandannisa.com
ktec776@live.com
averad@gmail.com
ThomasBurleson@Gmail.com
elsporko@gmail.com
shortsamshort@gmail.com
cletusdsouza@hotmail.com
michael.holm@gmail.com
cktakemoto@gmail.com
kens@cad2cam.com
jdueitt@geodigital.com
jjholmes@ucsd.edu
waltrcox@gmail.com
DHANAPS@YAHOO.COM
y.gajera@hotmail.com
cedric.pitot.de.la.beaujardie@oracle.com
twointofive@gmail.com
caroleicher@usa.zzn.com
phreak@dreamphreak.com
saint0@comcast.net
t.ville@live.com
joel.h.healy@gmail.com
akash2004u@gmail.com
biretak@gmail.com
phinton@eng.compendium.com
clint.jeffery@gmail.com
casemanager@mmm.com
wpsitesimple@gmail.com
jdm@gridkeys.com
fgkienast@gmail.com
johnswolter@wolterworks.com
hsgass@gmail.com
joegarrett@outlook.com
chuvpilov@gmail.com
rowlandnet@icloud.com
wix@mgssub.com
lance@charlestonsw.com
jason@roundhereproductions.com
bradjadkins@mac.com
chuck@schoppet.net
naren.sisodiya@gmail.com
naveen.nare@gmail.com
rafaelgarrido@gmail.com
joshuadenniskrebs@gmail.com
github@giami.com
mynewbestfriend@sticky.tv
jeff.derksen@du.edu
stdoyle@gmail.com
GitHub@xensen.org
Dom@SPUNet.org
bk.kang@me.com
cbreym@microsoft.com
hari316@gmail.com
wenliang.lu@gmail.com
dnoel@vermontcountrystore.com
tewissler@live.com
cjstaples@gmail.com
cwright@ablemindz.com
rez.islam@gmail.com
greggmyr@gmail.com
gurram.naveen@gmail.com
github@evandower.com
dave@adamstea.com
ddavis@cleanenergysolutionsinc.com
chennupati.1210@gmail.com
doctorsmedicalopinion@gmail.com
patrick@patrickjamieson.com
sander@temme.net
jpenguin@gmail.com
6.470-staff@mit.edu
github@dcrow.com
rajesh672@gmail.com
brian@brian-glick.com
GD-Exxy@eaxia.com
ben@bshoults.com
jigar@handsintechnology.com
kristen.moore69@yahoo.com
herveus@gmail.com
piet@ias.edu
arpitgupta31@gmail.com
valenti.karla@gmail.com
elijahjones8@gmail.com
kris@krishagel.com
me@jacecar.com
jalalbazwan@yahoo.com
spud@dadatypo.com
bruce.young.33@sbcglobal.net
david.kinsfather@yahoo.com
brendan@brendancullen.com
steve@nugoat.com
pcharles@cyberbiota.com
tom@nonserviam.net
github@squarepackage.com
wgutten@pppl.gov
larryfeltonjohnson@gmail.com
ron@snsapps.com
hello@disptr.net
sean.leinart@gmail.com
combsw@gmail.com
dave@ask-the-electrician.com
sdame@207me.com
jonathan.schwietert@gmail.com
kraghunath@mdsol.com
jnylander@nylanderfamily.org
kedar.pathak@pragtech.co.in
mattshobe@gmail.com
jeffrey.a.coble@gmail.com
skavish@gmail.com
santosh.kumar@memphis.edu
tom@farvour.com
hc.busy@yagn.us
shilpa_kobren@hms.harvard.edu
rmiguel.padilla@gmail.com
jackierogers@gen101.co.cc
jjwdesign@gmail.com
mamun.sust@gmail.com
francis.p.liu@gmail.com
khaledhamidouche@gmail.com
kennebecstars@gmail.com
william.t.oneill@intel.com
radecki.rafal@gmail.com
p.mateja@nexto.pl
mail@radytek.com
jnicram@gmail.com
german.krasnikov@appsyoulove.com
mateusz.siedlecki@protonmail.com
croshim@gmail.com
psiekierko@crystalideas.com
rafau300@gmail.com
jarek@finsys.pl
hg@x-formation.com
taispweb@gmail.com
sebastian.koszuta@gmail.com
vernit@gmail.com
s.tarazevich@gmail.com
zbyszek.pyttel@gmail.com
arrviasto@gmail.com
gennadii.tokariev@gmail.com
beszteras@gmail.com
jarzyna.krzysiu@gmail.com
mtsznowak9@gmail.com
knotidm@gmail.com
guzniczak.rafal@gmail.com
ckm123ppp123ppp@gmail.com
zavsby@gmail.com
bs.smektala@gmail.com
tasi3k@gmail.com
marcinmaslany@gmail.com
anton.kostenich@hotmail.com
ivan.marinkovic@isusovci.hr
wojciech.gancarz@sap.com
kuba.sejdak+github@gmail.com
neomex@wp.pl
jack.majchrzak@gmail.com
lukdumis@gmail.com
lierox90@gmail.com
olbi@pcmod.pl
marcin@dyguda.com
saqqsob@gmail.com
piotr@szweda.com.pl
patios18@gmail.com
hossa@outlook.com
biuro@okcars.pl
lukasz.barbuzinski@gmail.com
tanikredyt.priv.pl@wp.pl
tmkzmu@gmail.com
rafal.lezanko@gmail.com
dubial@op.pl
mirota.jakub@gmail.com
samuel.chmiel@outlook.com
matipxd@hotmail.com
pawel@piorkowski.eu
robert@jedrachowicz.pl
naumov.vs@gmail.com
babor@icm.edu.pl
przem1361@gmail.com
hi@maciej.co
konrad.sloniewski@gmail.com
lisiujaw@gmail.com
a.pajakowski@orkansoft.pl
mariusz.barczak@solidigmtechnology.com
firesoft1983@gmail.com
artur.filbier@gmail.com
mak.fast@gmail.com
cypcer.rafal@gmail.com
andrzej.lis@polcode.net
kamilpab94@wp.pl
tomek@make-web.pl
rafal.rozanka@gmail.com
jan.danielewicz@gmail.com
robert.niedziela@gmail.com
mateusz.czarnecki92@gmail.com
korall@fastex.ru
damian.pawluk@gmail.com
florek41@o2.pl
nightknee@gmail.com
marcin.dykas@gmail.com
phponrage@gmail.com
aprotasenya@gmail.com
dariusz.dajka@gmail.com
harrycroco@outlook.com
ask@codebrag.com
marcin.mikosik@gmail.com
lukasz.tuz@intel.com
PawelKobojek@gmail.com
feler404@tlen.pl
p.miecielica@samsung.com
neri@n3r1.com
d.prazmo@icloud.com
endeauvirr@gmail.com
piratjsk@gmail.com
patryk.niedbalski.dev@gmail.com
p.m.jakubowski@gmail.com
development@idmi.net
ashir76@gmail.com
qomegania@gmail.com
mateusz.kuprowski@gmail.com
marffinn@gmail.com
naglezejscie@gmail.com
just@rethink-it.co
illia.kalaur@gmail.com
lagvna@gmail.com
psychollek@gmail.com
poloz.work@gmail.com
smiechowy@gmail.com
hello@rubycon.by
piotr@polishdeveloper.pl
reklama@zimnik.com.pl
camilo.rodriguez@railwaymen.org
j.smetek1@gmail.com
github@dmro.mozmail.com
pawel.walat@gmail.com
marcin.zouaidia@gmail.com
kosinski.maciej@gmail.com
stona1@gmail.com
jalokimgraphics@gmail.com
vladbaluk@mail.ru
wdowiak.grzegorz@gmail.com
jakub.chlapinski@kodegenix.pl
p.bletek@gmail.com
przemyslaw.suchodolski@apollo.io
adrian@kanderski.com
dawid.zwiewka@ventus.net.pl
grajewski.mail@gmail.com
kamilzamerski@gmail.com
jkemp@wp.pl
rlempa@gmail.com
a.valdez.arce@gmail.com
michal.chmielarz@gmail.com
maciejorlinski1@gmail.com
kontakt@kamilpajak.pl
emil3566@gmail.com
filipowicz.lukasz@gmail.com
mobiuwb@gmail.com
luksfarris@gmail.com
piotr.ziezio@gmail.com
tomasz.jurkowski.inf@gmail.com
bartlomiej.bartkowski@gmail.com
popielarczyktomasz@gmail.com
biuro@w3des.net
z.kusznir@gmail.com
sloenthran@gmail.com
hello@adamkrupa.com
krzysztof.korus@gmail.com
kotlarz.mateusz@gmail.com
bartek.koz@op.pl
przemyslaw.pietrak@orange.com
carlosfelipefarias@gmail.com
zmudamichal92@gmail.com
mcgregor@blackmesaeast.com.pl
maciej.patelczyk@intel.com
qnexdev@gmail.com
mnatanek@gmail.com
askucins@gmail.com
michal.kijewski@dealavo.com
pawel.borkowski.pl@gmail.com
wolodzkom@gmail.com
pawel@kasztelan.me
andy.lbn@gmail.com
lukasz@luczak.tech
bartosz.idczak@stonesolutions.pl
iskrakamil@yahoo.pl
sliwecki@gmail.com
piotr.witkowicki@gmail.com
zeyomir@gmail.com
dev.rebacz@gmail.com
nikolaystrikhar@gmail.com
pawelx.piatek@intel.com
alexfill.af@gmail.com
r.dubochinsky@gmail.com
lukasz@kopaczewski.me
hubert@burdach.com
cezary.siwa@gmail.com
pbadarycz@gmail.com
krajek.dev@gmail.com
lukasz.pvp@gmail.com
armalong@gmail.com
github@itmagination.pl
kr.bugaienko@gmail.com
lisin.roman@gmail.com
pawel.ellerik@appchance.com
tomasz.cienciala@gmail.com
piotr@pbeodev.com
lukasz.czopka@gmail.com
tomek@melon-it.com
ciachowski2@gmail.com
blazej.kaczmarek@neurodine.com
hello@michalgosk.com
yur1j89@gmail.com
paul.jnovak@outlook.com
mikitabazhkou1@gmail.com
bkarimi@sapient.com
krzysztof.piaseczny@sage.com
office@serwis-it24.pl
rudashi@gmail.com
mirobrando@wp.pl
adamfran@wp.pl
abramov.vlad182@gmail.com
pomoc@netbomb.pl
anatoly@magedia.com
lukasz.wcode@gmail.com
wojciech.czaja@gmail.com
Radoslaw.Osinski@cwsfe.pl
krzysztof@kardasz.eu
marek@stachura.uk
Taras.Stopenchuk@gmail.com
hello@kekemeke.pl
michal.alexander@tlen.pl
jpo@aims.pl
ancestor@o2.pl
janjag@humanistcanco.de
lukashukdn@gmail.com
tmikus@pgs-soft.com
tzdthemes@gmail.com
atrocki@pgs-soft.com
bartosz@derleta.com
sizturriaga@gmail.com
krzysiek.szporer@gmail.com
lukasz.wasikowski@initzero.pl
matheoosh@gmail.com
bukkitsmerf@gmail.com
andrzejzelman@gmail.com
piotrchyrek@gmail.com
developers@dicepl.us
rudimichal@gmail.com
andrzej.gnatowski@pwr.edu.pl
mateusz.kmiecinski@yahoo.com
vitalrulinski@gmail.com
jakubnowakc@gmail.com
dariusz.wiechecki@gmail.com
chumak.konstantin@gmail.com
aplegatt@gmail.com
wilkuf@gmail.com
olga.ozubko@polcode.com
djdeimon@gmail.com
misha.mani@yahoo.com
michal.romanowski87@gmail.com
tomasz.kowalczyk@inteonmobile.com
anton@egorov.io
lukaszrachwalski@gmail.com
cezary.krzyzanowski@contractors.roche.com
mateusvendramini21@gmail.com
rafal.maculewicz@hotmail.com
phuria@o2.pl
saavedro.pl@gmail.com
jaredcrivello@gmail.com
jakub@jodelka.me
ll14m4n@gmail.com
maciej@mikosik.com
michal.rosiak.dev@gmail.com
lazycreature@gmail.com
a.smolyanko@brimit.com
maksim.protasevich@gmail.com
axelbest@o2.pl
pbragancacabral@gmail.com
wojciech@wjanoszek.com
hello@onrel.com
pawel.worwag@gmail.com
michal@buyuk-dev.com
michal.kapias@sage.com
bolut@andrey.sexy
nikola.serdiuk@gmail.com
piotr.slowik.developer@gmail.com
marcin@kruh.pl
greensky@gazeta.pl
krzysiek@datacraze.pl
moradon@gmail.com
rdev@rdev.pl
sebastianp2@gmail.com
sergey.russiyan@gmail.com
mikolajj.lech@gmail.com
w.szubi@gmail.com
krystek.michal@gmail.com
melainholic@gmail.com
wayn.one1@gmail.com
piotrgrundas@gmail.com
Jaroslaw.Zolnowski@gmail.com
novikov.ivan.work@gmail.com
stanowski.dawid@gmail.com
biuro@internetprofil.pl
m.vayvala@gmail.com
dejwsz@gmail.com
bartlomiej.frydrych@gmail.com
kontakt@annabrozyna.pl
urbanpawel90@gmail.com
biuro@soft-park.pl
olechafm@gmail.com
bodomhead@gmail.com
heng-chang.chen@port.lukasiewicz.gov.pl
mipsa@info.p.lodz.pl
stanosky.dev@gmail.com
thewituch@gmail.com
grzegorz.zur@gmail.com
dudek.mateusz92@gmail.com
kostaniakm@gmail.com
2kaitek666@gmail.com
dominikdziedzic@gmail.com
help@hslbn.pl
msporek@gmail.com
pbobruk@gmail.com
kowalloskii@gmail.com
rekrutacja@pracuj.pl
xsanderio13@gmail.com
kurek.jakub@outlook.com
tparkola@man.poznan.pl
antoine.bedex@tutanota.com
pawel.czapla@gmail.com
bogdan.remes@gmail.com
piotrek.jaw@gmail.com
me@thomdabrowski.pl
kkaminski9311@gmail.com
filip.szpunar@gmail.com
marwrobel@gmail.com
acc0rd.2goda@gmail.com
czizes@gmail.com
milosz1092@gmail.com
vaernil@gmail.com
eugenetsiunchik@gmail.com
jjakubowski85@gmail.com
kontakt@lupine.cc
wlodarska.iza@gmail.com
ukalinets@gmail.com
biuro@promolabs.pl
jakub.lacinski@gmail.com
github@niedzwiedzki.tech
darek.a.nowak@gmail.com
tomasz.swirski@poczta.fm
slawomir.pasko@gmail.com
nomrasco@gmail.com
jskwarna@squiz.pl
antek.pstras@gmail.com
rafalkit@gmail.com
t.rozensztrauch@celerway.com
kaparol@gmail.com
pawelbarczynski@uni.lodz.pl
crou85@gmail.com
rafal.watorski+github@gmail.com
bartek@procreative.eu
istushkin@gmail.com
kontakt@hswro.org
ewedziura@gmail.com
forcer@onet.pl
oleksii.maryshchenko@gmail.com
pryc.maciej@gmail.com
kontakt@optart.pl
asustua@gmail.com
filip.ochnik@gmail.com
marcin.kieszek@viait.pl
mab@agnitio.com
grzegorzbednarski@fastmail.com
miloszdzw@gmail.com
lv@networkedassets.com
straighf@gmail.com
76answer76@gmail.com
ldolata@gmail.com
cyberkiller8@gmail.com
michal.klebek@gmail.com
biuro@esalamandra.com.pl
blasiak.bartosz@gmail.com
iloostracje@gmail.com
biuro@blue-net.pl
dima.oleschenko@gmail.com
em.chrzanowski@gmail.com
ruff80y@gmail.com
eryk.ciepiela.dev@gmail.com
nogakamil@gmail.com
novytskiyua@gmail.com
ihorr.romanchuk@gmail.com
m.beczek@clearcode.cc
mscrstr@gmail.com
Galfados@gmail.com
pawello@pawello.pl
mdkarpowicz@gmail.com
bdc@bigdaddyscreations.com
maciejkudas@gmail.com
klim.mariusz@gmail.com
voltermc@gmail.com
paduszym@gmail.com
pyconpl@python.org
bartosz@derleta.com
sizturriaga@gmail.com
krzysiek.szporer@gmail.com
lukasz.wasikowski@initzero.pl
matheoosh@gmail.com
bukkitsmerf@gmail.com
andrzejzelman@gmail.com
piotrchyrek@gmail.com
developers@dicepl.us
rudimichal@gmail.com
andrzej.gnatowski@pwr.edu.pl
mateusz.kmiecinski@yahoo.com
vitalrulinski@gmail.com
jakubnowakc@gmail.com
dariusz.wiechecki@gmail.com
chumak.konstantin@gmail.com
aplegatt@gmail.com
wilkuf@gmail.com
olga.ozubko@polcode.com
djdeimon@gmail.com
misha.mani@yahoo.com
michal.romanowski87@gmail.com
tomasz.kowalczyk@inteonmobile.com
anton@egorov.io
lukaszrachwalski@gmail.com
cezary.krzyzanowski@contractors.roche.com
mateusvendramini21@gmail.com
rafal.maculewicz@hotmail.com
phuria@o2.pl
saavedro.pl@gmail.com
jaredcrivello@gmail.com
jakub@jodelka.me
ll14m4n@gmail.com
maciej@mikosik.com
michal.rosiak.dev@gmail.com
lazycreature@gmail.com
a.smolyanko@brimit.com
maksim.protasevich@gmail.com
axelbest@o2.pl
pbragancacabral@gmail.com
wojciech@wjanoszek.com
hello@onrel.com
pawel.worwag@gmail.com
michal@buyuk-dev.com
michal.kapias@sage.com
bolut@andrey.sexy
nikola.serdiuk@gmail.com
piotr.slowik.developer@gmail.com
marcin@kruh.pl
greensky@gazeta.pl
krzysiek@datacraze.pl
moradon@gmail.com
rdev@rdev.pl
sebastianp2@gmail.com
sergey.russiyan@gmail.com
mikolajj.lech@gmail.com
w.szubi@gmail.com
krystek.michal@gmail.com
melainholic@gmail.com
wayn.one1@gmail.com
akim.int80h@gmail.com
github@meanmail.dev
pavelvzhilin@gmail.com
vahan.baghdasaryan.99@gmail.com
balagyozyan.arsen@gmail.com
razmatinyan28@gmail.com
david.techtraining@gmail.com
arevik.khachaturian@gmail.com
lusineharutyunyan.py@gmail.com
robtumo@mail.ru
k41n@shuttlerock.com
surakij6@gmail.com
solonin1998@gmail.com
githubmagtaghyan@gmail.com
egorvkimow@gmail.com
ervand.poghosyan@gmail.com
sokrat_galstyan@yahoo.com
hakhinyan@yandex.ru
shamyan.harut@gmail.com
andmkhart77@gmail.com
e.noramirian@gmail.com
msahakyan.jobs@gmail.com
dev@tkglonass.ru
vahan.aghavelyan@enkesystems.com
vpashayan39@gmail.com
saqo2468@gmail.com
acardona@icti.es
sisnikoyan@gmail.com
cursuscare@gmail.com
mhersargsyan2001@gmail.com
ogannesarustamian@gmail.com
bag.antonyan@gmail.com
stanislav@profi.vip
vigghukasyan@gmail.com
sandrayelitzacc@gmail.com
apresyanarturv@gmail.com
ben@ben2021.me
arman.babayan.92@gmail.com
dairo.quintero@kinesso.com
mr.mikhaylov.job@gmail.com
aleqs.amir@gmail.com
razmik.minasyann@gmail.com
avagyanmartik05@gmail.com
volkilyamih@gmail.com
ryzhkov.ilya17@gmail.com
sarkisnarinian4@gmail.com
aarsenyan2004@gmail.com
berg.evg.1@gmail.com
ilia.skochilov@wirenboard.com
arsengoginian@gmail.com
gabdullin@nanolab.phys.msu.ru
dev@fibodex.io
davidkhachatryan359@gmail.com
dmitry@hightouch.ai
vladislavutkin92@gmail.com
saroyan.mayis.ait@gmail.com
melsvagharshyandev@gmail.com
lusokarapetyan@gmail.com
mkhchyan98@gmail.com
arakelyanedgar98@gmail.com
grigoryanhayk86@gmail.com
vinseth.2010@gmail.com
arayik.t.y@gmail.com
harutyun.mkrtchyan2006@gmail.com
mihran1904@gmail.com
hello@andava.com
dnhkbn@gmail.com
juan.alvarez@condorlabs.io
tariel.hakobyan03@gmail.com
defartyom@gmail.com
muradyanrafik1@gmail.com
ne.molchoun@gmail.com
georgezargaryan7@gmail.com
yuraalaverdyan@gmail.com
avebrutus15@gmail.com
hello@risensun.agency
dwin.technology@gmail.com
eduard.danielyan.2001@gmail.com
sharp.idea.official@gmail.com
vahan.yeghiazarian@gmail.com
signlang.ai@gmail.com
mmontageeworkshop@gmail.com
sergioa.romeroc@uqvirtual.edu.co
kalacheva.works@gmail.com
condominium@villanor.am
nia@eltevis.com
hello@dropp.market
hola@feezbak.com
arvin.nick.90@gmail.com
hayk.asatryan.arm@gmail.com
david.santiago.velasco.12@gmail.com
juanp.morar@uqvirtual.edu.co
hello@victa.ai
hrant31hh333@mail.ru
rcilogic@gmail.com
aathonas@gmail.com
ilina.nat.m@gmail.com
raul.londono@mercadolibre.com.co
armanmartirosyan81@gmail.com
kirakosyan.david@gmail.com
tarokavardanyan@gmail.com
gerasimovavioletta25@gmail.com
karinekar97@gmail.com
anton@haywiki.org
help@tertiumgames.com
ara.balayan@pfizer.com
hakob.mkoyan771@gmail.com
vahan.grigoryan@gmail.com
a.burkov@hotmail.com
druizf85@gmail.com
s4idm4de@yandex.ru
papiandiana@gmail.com
davvv.galstyan@gmail.com
manya.khachatryan1@gmail.com
pygojrc@gmail.com
hovo.hovsepyan.2000@gmail.com
jacoboblandon94@gmail.com
hello@changeworks.am
bestearthman@yandex.ru
yeghoyanemma3@gmail.com
garikamirkhanyan@yahoo.com
denis.a.maximov@protonmail.com
karen@nerdyslacker.dev
the.god.of.javascript@gmail.com
floresquintero.da@gmail.com
iva-n-s@yandex.ru
tigran19910315@gmail.com
artur.margaryan@volo.global
dev@jarlgaming.com
ventorosyan@gmail.com
grigor.hayrapetyan.1994@gmail.com
justdoless.com@gmail.com
alexandr.podsoblyaev@playrix.com
ann.martirosyan.a@gmail.com
grigorii.batalov@invitae.com
mher.hunanyan2@gmail.com
dateno@dateno.io
hovhannisyanarman062@gmail.com
dither.discs0j@icloud.com
saribekyansamvel117@icloud.com
castech.customer.service@gmail.com
pargevjraghatspanyan@gmail.com
noru0916@gmail.com
ruslan.vas2004@gmail.com
ani.baghdasaryan.01@gmail.com
syuzana.ohanyan@gmail.com
aderiglazov97@gmail.com
aleksandr.svidchenkov@playrix.com
amro@flipschool.me
erik.galstyan26@gmail.com
azizmariaaam@gmail.com
ericgalstyan@hotmail.com
vardan.p[etrosyan29@gmail.com
elendavtyan18.03.04@gmail.com
galstyand.25@gmail.com
grigoryan0326@gmail.com
baboomian53@gmail.com
anatoliys@checkpoint.com
dbunakal@amd.com
portalsurvival@gmail.com
yes@stari.am
goodddev@gmail.com
gor.kirakosyan@softconstruct.com
babakhanyan.tsovinar1986@gmail.com
jangozyansergey@gmail.com
erikali33010@gmail.com
tatev@tef.am
sergei.uphire@gmail.com
stemar.academy@gmail.com
stabares_26@cue.edu.co
development@smartonize.com
david@logoaideisng.com
dev@solta.io
avet.martirosyan.it@gmail.com
oleg.s@solta.io
hovhannisyane409@gmail.com
arman.gyulnazaryan@softconstruct.com
zpro@zpro.am
haykarevshatyan64@gmail.com
programmer_dench.io@mail.ru
gor.hakobyan.04@internet.ru
sharifgiraldo23@gmail.com
ivanyan_06@mail.ru
armi-a@yandex.ru
melkonyankarapet@gmail.com
ibsang1@icloud.com
sergeihovakimyan@gmail.com
beearomayvn@gmail.com
chill.alik@gmail.com
w33bv.gl@gmail.com
rh.davitkhachatryan@gmail.com
nonna.arzumanyan.111@gmail.com
klara.artenyan.98@mail.ru
narek.manveli91@gmail.com
mariaharutyunyan686@gmail.com
tatevik_sharyan@singular.uk
artur.mushegyan@playrix.com
nelli_galstyan@bk.ru
Malkhasyandavid2@gmail.com
vahan.sahakyan@optimumpartners.co
sus.geworgyan@gmail.com
prowider2023@yandex.ru
hayksargsyan472@gmail.com
nonnn91@gmail.com
makeyerevangreenagain@gmail.com
zograbyanmarina15@gmail.com
gorkhachatryan14@gmail.com
g.nersisyann@gmail.com
iskoyant@gmail.com
alejandro.giraldo@liberascf.com
vrezhambardzumyan04@gmail.com
kirill.borisenko@akvelon.com
davidvardanyan.1818@mail.ru
semyonsw@gmail.com
mabashardoust@gmail.com
lalexweb31@gmail.com
erikrumian@gmail.com
diegoduke602@gmail.com
artnizikov@gmail.com
sona_harutyunyan@epam.com
hovhannes.tevanyan@outlook.com
pavel@kuzyak.in
blackblazent@gmail.com
vazgo071@gmail.com
matgomhol@gmail.com
shushanik.tovmasyan@airalo.com
frontenddeveloperreactjs@gmail.com
dimitriabrahamyan0@gmail.com
pavhovsep@gmail.com
tatul.baghunts@gmail.com
arman.web.dev.tadeossian@gmail.com
mail@astrasky.net
armanmelkonyanmain@gmail.com
sevakmikichyan777@gmail.com
vahemidasriyan@gmail.com
gevorg.margaryan@powerdmarc.com
Sergey.Petrov@proresearch.am
konstantin.khristenko@sysco.com
ns.alternate.mail@gmail.com
dagarzonsa@gmail.com
tamara.ohanjanyan20@alumni.colostate.edu
sirarpi@blackscale.media
konstantin.grigorev@lightspeedhq.com
robert.aydinyan@esterox.am
gevorgaghekyan93@gmail.com
natashashimkiv@gmail.com
khachblb06@gmail.com
alfasegment@gmail.com
license@atom.team
manuk.asatryan@powerdmarc.com
petrosamyan2003@gmail.com
sargsyanashot525@gmail.com
agudelok838@gmail.com
kupriianov.alx@gmail.com
edie@stripped-away.com
suren.arzanyan512@gmail.com
ggevorgyan782@gmail.com
tigranateyan2009@gmail.com
grigorii.batalov@pfizer.com
karo.hakobyan333@gmail.com
vladshirkhanyan@gmail.com
m1kael.piloyan@mail.ru
kostcholakhsavov@gmail.com
matias.ramirezg2003@gmail.com
cuentagithub2024@gmail.com
sartatev357@gmail.com
danielbakhshyan777@gmail.com
serzhavagyan@gmail.com
aro.mkrtchyan66@gmail.com
grigoryanalex802@gmail.com
arayikantonyan02@gmail.com
webdigitalgaeh@gmail.com
garikgh2009@gmail.com
gyulumyanelmira@gmail.com
octoverse.it@gmail.com
nikolai.belostotsky@devexpress.com
cultivamarket01@gmail.com
nick@gtowizard.com
mikhail_grigorian@epam.com
myan.samuel.07@gmail.com
hydra.company.2025@gmail.com
artak@smartology.am
levon.niazyan@emerson.com
wholestone.it@gmail.com
johnwilliam.reyesg@gmail.com
davidawncombs@gmail.com
andkocharyan1996@gmail.com
tatul@dwisi.com
arkhachat@gmail.com
arnoabelyanwork@gmail.com
andranika93@gmail.com
eangel_701@unihumboldt.edu.co
alejandromartizan76@gmail.com
maicolestivencastromoreno525@gmail.com
scano_538@unihumboldt.edu.co
kevinsarmiento0509@gmail.com
ajpolania_736@unihumboldt.edu.co
gohar@playslap.com
varsikpijoyan2003@gmail.com
erikarshakyan555@gmail.com
vahan.yeghiazaryan@sada.com
lhovhannisyan@griddynamics.com
artsruniarsen61@gmail.com
davkhachatryan2405@gmail.com
alexlevicrypto555@gmail.com
dmitry.konyukhov.b@gmail.com
asyaakataeva@gmail.com
martiavetisyan@gmail.com
ani.mkhitaryan.276@gmail.com
vahecharchyan777@mail.ru
coxik.2020@gmail.com
geeksesi@tusigame.com
alvarocotrino@gmail.com
vanzidler@gmail.com
angelbarseghyan12@gmail.com
davidbalishyan12@gmail.com
karen.khachatryan.2020@sportedu.am
armenarmope@gmail.com
hayknikoghosyan05@gmail.com
kirill.shabordin@gmail.com
HOMAHOMAPAKRAVAN@GMAIL.COM
hayk.ulunts@gmail.com
armanbar32081@gmail.com
brahyam@atomogaming.com
sound.enthusiastic.community@gmail.com
david.balishyan@tumo.org
mhernandez@ejesalud.com
miguelangelcorreau@gmail.com
davit.hambardzumyan.est@gmail.com
artur.geghamyan.est@gmail.com
liana.kalpakchyan@esterox.am
yuri.margaryan@tumo.org
alaverdyangreta7@gmail.com
codingmonst@gmail.com
gevorg.sahakyan.design@gmail.com
mahdihadavifr@gmail.com
lena.margaryan.2001@gmail.com
tufannamira@gmail.com
tugeddahdataacademy@gmail.com
gayane.s.hovsepyan@gmail.com
wawpix@gmail.com
a.aram@jboard.io
antonyanani26@gmail.com
jeferson_cjimenez@soy.sena.edu.co
benjamin.ortiz0729@gmail.com
mauricio.quintero@hotmail.com
s_467203@emis.am
mrybalkin@prodly.co
alyonyshka_k@mail.ru
stepanova.marina.andreevna@gmail.com
kirill@gelato.com
mayank.upadhyay@oneplanetstudios.com
uriel7928@gmail.com
gorhakobyan280903@gmail.com
abraham.simonyan.06@gmail.com
lharoyan@aua.am
fnaf64016@gmail.com
submeet.vet@icloud.com
adinfosysmi@gmail.com
perdomovjuanj@gmail.com
samvelmanukyandev@gmail.com
hakuarz@gmail.com
arturkarapetyanforwork@gmail.com
tanya.lazareva@dbeaver.com
diana_baghdasaryan@epam.com
lyov.jkl02@gmail.com
tamara.vardanyan998@gmail.com
anitumanyan9@gmail.com
armen0021@gmail.com
hello@featurematrix.io
vaarsenyan@gmail.com
gevorgpahlevanyan@gmail.com
sargsyan.ee@gmail.com
davtyan1202@gmail.com
ivanzend42@gmail.com
ananyanarthur11@gmail.com
alexeyz97@mail.ru
serob.tigranyan@taurotech.com
cert@evncert.am
floatfoo@gmail.com
namalyankaren@gmail.com
alexdgreen2019@gmail.com
g.stepanyan@yahoo.com
hayk.aslanyan@rau.am
tarasov_artyem96@mail.ru
harutyunyangevorg01@gmail.com
arttonoyan@gmail.com
niduga@outlook.es
marine.yardumyan@mail.ru
harutyunian.arm@gmail.com
antonio.cardona.elejalde@gmail.com
repin404@gmail.com
abgaryan.areg@gmail.com
nqolyan@gmail.com
tonoyansmbat04@gmail.com
hakobian.engineer@gmail.com
okrylov@axcient.com
ivanovs.it@gmail.com
artrozhe@gmail.com
tumanyan88@gmail.com
vahan.avakyan@picsart.com
aravoskan@gmail.com
gor.baghdasaryan0@gmail.com
fraqtop@gmail.com
angeladovanjyan@gmail.com
grigtm@gmail.com
aramkhudaverdyan98@gmail.com
bfrunjyan@gmail.com
mykhailo.becker@gmail.com
oganian.arman@gmail.com
minas.minasyan.im@gmail.com
ruzanna.margaryan@sflpro.com
nar.ar.karapetyan@gmail.com
heghine.melkonyan@gmail.com
gor.nagdalyan@gmail.com
furrya.black@gmail.com
AM094455401@gmail.com
hrachqyutukyan@gmail.com
arazmik@gmail.com
taronqalashyan@gmail.com
juliansanchezbike@gmail.com
ivanovs.it@gmail.com
artrozhe@gmail.com
tumanyan88@gmail.com
vahan.avakyan@picsart.com
aravoskan@gmail.com
gor.baghdasaryan0@gmail.com
fraqtop@gmail.com
angeladovanjyan@gmail.com
grigtm@gmail.com
aramkhudaverdyan98@gmail.com
bfrunjyan@gmail.com
mykhailo.becker@gmail.com
oganian.arman@gmail.com
minas.minasyan.im@gmail.com
ruzanna.margaryan@sflpro.com
nar.ar.karapetyan@gmail.com
heghine.melkonyan@gmail.com
gor.nagdalyan@gmail.com
furrya.black@gmail.com
AM094455401@gmail.com
hrachqyutukyan@gmail.com
arazmik@gmail.com
pchelintsev.dmitrii@gmail.com
eduardgrigoryan1993@gmail.com
petrosyan.shant1988@gmail.com
rubenosipyan@gmail.com
marmolejandro@gmail.com
astghik.mkrtchyan@picsart.com
yervands@bk.ru
flo.fd@yandex.ru
timofei.stanskov@lightspeedhq.com
kristina.sargsyan@isifa.am
asik.oganyan@gmail.com
david.majoulian@gmail.com
harutyun.baghdasaryan@gmail.com
garend95@yahoo.com
valer@atero.solutions
hovtoros@outlook.com
dushekrad@gmail.com
asata91@mail.ru
cert@cert.am
vap@vap.name
avetik.yessayan@shte.am
artak.hovsepian@gmail.com
bagratzakaryan@yahoo.com
hayk.arzumanyan@gmail.com
dave.ghukasyan@yahoo.com
armen.apresyan@picsart.com
edwardpmarin@gmail.com
mmkrtchyan90@gmail.com
alykov1995@gmail.com
artaknl@gmail.com
sasdavtyan@gmail.com
zhorabrainforce@gmail.com
gevorg.azizkhanyan@gmail.com
jegiraldoq@uqvirtual.edu.co
semerjyan.aram@gmail.com
arahov@mail.ru
as0509@ya.ru
rafgan7236@gmail.com
hello@koreez.com
jesovile@gmail.com
Dabgaryan@gmail.com
arloopa@arloopa.com
dev.eduardmatveev@gmail.com
varuzh11@gmail.com
CGevorgHarutyunyan@gmail.com
ishkhankostanyan@gmail.com
gtemejikyan@outlook.com
tacsaman@yahoo.com
arturbabayan@workfront.com
Babayan.Grigor@gmail.com
gevor.minasyan94@gmail.com
samvel.malintsyan@proton.me
kirill.taran@hotmail.com
aram.sargsyan.1997@gmail.com
hovhannisyankaro1992@gmail.com
klausmacclaus@gmail.com
hurricup@gmail.com
manlok71@gmail.com
ruben.alexanyan1@gmail.com
levon.s.avetisyan@gmail.com
hrayr.tonakanyan@gmail.com
irinqut@gmail.com
haykpro@gmail.com
tammoona302@gmail.com
hypotalamus95@gmail.com
karen.physmath@gmail.com
agalstyan1998@gmail.com
artogrig@gmail.com
edashtoyan@gmail.com
na.ignoyan@gmail.com
edo.terakyan@gmail.com
hrachmkr96@gmail.com
zorex51@gmail.com
tamara.martirosyan.93@gmail.com
taprikyan@gmail.com
elias8579@gmail.com
lilithayrapetyan87@gmail.com
haykarustamyan@gmail.com
indifferentrun@gmail.com
armen.gevorgyan.yerevan@gmail.com
artur.karapetyan@rocketmail.com
aaramg@gmail.com
veaglem@gmail.com
narekshukian@gmail.com
SevanEl@gmail.com
samvel.harutyunyan.01@mail.ru
samzakharyan@gmail.com
wsp.elian@yandex.ru
tatul.bagunc@gmail.com
h.narinehovhannisyan@gmail.com
kirakosyan0001@gmail.com
vaghinakharutyunyan@gmail.com
sadoyangrigor@gmail.com
ivan31297@yahoo.com
RikeVoltz@yandex.ru
grigorianal@yahoo.com
arayiksmbatyan@gmail.com
amirjanyan1995@gmail.com
95martirosyan@gmail.com
vahekarapetyan47@gmail.com
gevor701069@mail.ru
haroutparseghain@gmail.com
saravetik@gmail.com
v.1999yt@gmail.com
arash.k.2020@gmail.com
sstiveent@gmail.com
lgrigoryan25@gmail.com
eshmanev@gmail.com
tigran.a.atayan@gmail.com
manuelyandyan96@gmail.com
kararak95@gmail.com
sahak.sv.tadevosyan@gmail.com
gor.mh.poghosyan@gmail.com
a.worldhuman@gmail.com
avagyan_mika@mail.ru
john@vahanyan.am
karenbaghdasaryan598@gmail.com
stashulyov.nikolay@gmail.com
HambardzumyanErik@gmail.com
andreyoganesyan.stuff@gmail.com
rado196b@gmail.com
davidastyan@gmail.com
garikharutyunyan@icloud.com
sofyatorosian@gmail.com
alexey@getguideflow.com
mher.frangulyan@mail.ru
martynov.max.s@gmail.com
chitchyan.sona@gmail.com
vbenevolskiy@gmail.com
hayqpoghosyan@gmail.com
madraisin88@gmail.com
khachval@gmail.com
trusoveu@gmail.com
htsirun@gmail.com
arturhovhannisyan819@gmail.com
haykbrsoyan@gmail.com
nersesyannerses@gmail.com
david.orbelian@gmail.com
matsakyan.7@gmail.com
kharutyunyan82@gmail.com
grigor.grigoryan978@gmail.com
armena1998@yahoo.com
purp13@yandex.ru
surenkar99@gmail.com
smbatyan1729@gmail.com
egorychevoleg92@gmail.com
michaelavetisyan92@gmail.com
dajeroab85@gmail.com
mkhitaryan92.armen@gmail.com
hike.kazarian@gmail.com
stepan.hakobyan@live.com
mkrtumyan.armen@gmail.com
alexander.orlov22@gmail.com
davohambardzumyan@gmail.com
armani.abo@gmail.com
stepnikoghosyan@gmail.com
ppavlov.swe@gmail.com
varomanukyan@gmail.com
artemavetisyan@yahoo.com
armengabrielyan16@gmail.com
eleonora.kocharyan@gmail.com
basic@it-center.am
arsen.yeghiazarian@gmail.com
webos.surenat@gmail.com
aramhrptn@hotmail.com
musheghd@energizeglobal.com
sergey.brutyan.olymp@gmail.com
mirnarek@inbox.ru
voskanyanharutyun@gmail.com
konttonk@mail.ru
ani.d.khachatryan@gmail.com
tovmasyanvahagn@gmail.com
vladimira@energizeglobal.com
susannat@energizeglobal.com
tokhunts93@gmail.com
t.k.n-24@mail.ru
sedrak.ghukasyan@gmail.com
avdalyansahak@gmail.com
alexey@espressif.com
martin.ayvazyan@gmail.com
arm.ninoyan@gmail.com
ehakobyan96@gmail.com
alenb482@gmail.com
arsenh1995@gmail.com
yuraledyaev93@gmail.com
vardanyan.ln@gmail.com
xorenpetrosyan@gmail.com
ibegtin@apicrafter.io
sargsyanvrezh@gmail.com
shaga.1996@gmail.com
hayrapetyanv38@gmail.com
aani7337@gmail.com
poghosyananahit@gmail.com
a.vasyukova@gmail.com
amenstep@gmail.com
ellietanaka@gmail.com
tat.tovmasyan@gmail.com
dmitry.tokmachev@devexpress.com
sukiasyantigran@gmail.com
arman.zohrabyan.96@gmail.com
fabianncho94@gmail.com
lauragaloyan97@gmail.com
robert.aydinyan2002@gmail.com
myarzik@gmail.com
gevorgyanweb@gmail.com
armendevelop@gmail.com
poghosyanhakob@yahoo.com
sargisvanyan@yahoo.com
khachatur.vantsyan@betconstruct.com
aghvan.khachatryan@betconstruct.com
harutyunyan.asatur@inbox.ru
elen.baghdasaryan@betconstruct.com
albert_baghdasaryan@bk.ru
AnatolyDavtyan@mail.com
david.safaryan9338@yahoo.com
jabermudez@unadvirtual.edu.co
vardges86@gmail.com
sargis.hakobian@mail.com
aram-sahakyan-81@mail.ru
hrayrmovsisyan1995@gmail.com
khoren.grigoryan96@gmail.com
azat.antonyan65@gmail.com
yervandalexanyan@gmail.com
georgi.torosyan94@gmail.com
grigdave@gmail.com
tiko.vardanyan.1998@gmail.com
g.aghajanyan1995@gmail.com
maxbag97619@gmail.com
artyom.martirosyan13@gmail.com
337030gd@gmail.com
armnet-10@mail.ru
romashok974@gmail.com
edgarpetrosyanak@gmail.com
eleonora.grigoryan@outlook.com
animeruzhani@gmail.com
mkh.arman94@gmail.com
suren.edilyan@outlook.com
armekh@gmail.com
1993tiko@mail.ru
matevosyanmko@gmail.com
danielyan.hamlet@gmail.com
harmn90@gmail.com
yervand1995bag@gmail.com
mariam.hovhannesyan@gmail.com
razmik1984@gmail.com
van11khachatryan@gmail.com
artashesbaghdasaryan95@gmail.com
eduardavetisyan@gmail.com
Laura.Melkonyan@vertexinc.com
grishatadevosyan@gmail.com
ruben.rm@mail.ru
khachatur.hakobyan1993@gmail.com
madoyan1996@gmail.com
hakobpapazyan2@gmail.com
haykekizyan@gmail.com
arsensahakyan90@gmail.com
n.s.averyanov@gmail.com
19stepan77@gmail.com
seroj.ivanyan@gmail.com
felochilingaryan@gmail.com
tigransargsyan222@gmail.com
workspace.armenia@gmail.com
suren.h.arakelyan@gmail.com
sue.keshishyan@gmail.com
vchernov@nvidia.com
forgotten.in.kadath@gmail.com
tigranpapaikyan@gmail.com
torosyaneric@gmail.com
mamat97@gmail.com
spartan.poghosyan@gmail.com
yerznkanyan@gmail.com
cffmnk@gmail.com
rmksrv@outlook.com
Hovhannisyan.Lena17@gmail.com
rafayel.mail@gmail.com
developer.hovakimyan@gmail.com
me@davidbabayan.com
d.polchinskii@gmail.com
hvazgen@gmail.com
sargismk@icloud.com
derominasyan94@gmail.com
doxxmsk@icloud.com
tallaksmain@gmail.com
dbagrat@gmail.com
grigor.tonikyan@gmail.com
harut.msu@gmail.com
davies.shyan@gmail.com
edpetrosyan@usa.com
dimd1288@gmail.com
mry.bbj@gmail.com
arman@sedrakyan.com
shaimus.g@gmail.com
nazareth.keshishian@lau.edu
gevorg.m2002@gmail.com
astghikhachatrian@gmail.com
amirbekyanedgar@gmail.com
anushb59@gmail.com
morgunof.andreyy@gmail.com
surenvanyan@gmail.com
kalpakchyan.karen@gmail.com
hovo.baghdasaryan7@gmail.com
srapyansuren@gmail.com
arammikichyan@gmail.com
vlad@emcraft.com
maryvardanyann@gmail.com
gagik.grigoryan.01.01@gmail.com
juandavidroncancioarias@gmail.com
ar.asatryan94@gmail.com
misavke@gmail.com
andranik.arakelyan.me@gmail.com
dutking@gmail.com
sargissaratikyan@gmail.com
armenersisyan@gmail.com
root@inorain.com
yuri.kulikov.w@gmail.com
karenkharatyan1@gmail.com
grigorevich1993artur@gmail.com
tonoyan.sergey.s@gmail.com
su.abazyan@gmail.com
artush.hakobyan3@gmail.com
zyxi.dev@gmail.com
levkarap@gmail.com
alexanderisraelyan@gmail.com
zohrabkarapetyan1983@gmail.com
pqoalla@gmail.com
levonaramyan@gmail.com
andre.khachatryan17@gmail.com
armen93petrosyan@gmail.com
vahag.zargaryan2002@gmail.com
nairi.haroutiounian@gmail.com
office@howtohireme.ru
vahagnsirunyan@gmail.com
alexander.mikhailov@devexpress.com
ani.hakobian.8@gmail.com
mnatsakanyans@gmail.com
harut1781@gmail.com
rubensargsyan854@gmail.com
hrachyeremyants@gmail.com
ashotbayramyan@gmail.com
armsoft@armsoft.am
naysisren.nesra@gmail.com
epaolinos@gmail.com
amirjanyanit@gmail.com
ligowsky.dev@gmail.com
soorogorgoyan@gmail.com
gorgevweb@gmail.com
hunan.gor@gmail.com
hovhannisyalenrus@gmail.com
hello@addevice.io
sokolikmichael@yandex.ru
narekghazaryan02@gmail.com
gurgenvarzapetyan@gmail.com
brahyam18_hq@hotmail.com
papiyan.arsen98@gmail.com
ad220897@gmail.com
haykbakhshyan@gmail.com
taghajanyan99@gmail.com
dev@fusion-tech.pro
armeniannationalmusic@gmail.com
harutyunyan.hovd@gmail.com
parsyanany98@gmail.com
youpipe.git@gmail.com
inferiordev@gmail.com
arutyunyanripsim@gmail.com
sergeymkrtch@gmail.com
narek1888@gmail.com
sevak.g.harutyunyan@gmail.com
levon.python@gmail.com
arturgadyan123@gmail.com
aahovhannisyan1@gmail.com
shahgyulyan05@gmail.com
ruben.safaryan.3@gmail.com
tronosactanonverba@gmail.com
mohsenazizi874@gmail.com
carlosrave@outlook.es
fercha0202@hotmail.com
valodyagalstyan89@gmail.com
gorsargsyan@live.com
khamazaspyan@gmail.com
mk.karapetyan@gmail.com
ara.hovsepian@cuponation.com
s.a.matinyan@gmail.com
4r4m.petrosyan@gmail.com
serkindmtr@gmail.com
garamian@gmail.com
eredinbg@gmail.com
davit.abgaryan@gmail.com
suren.gasparyan1997@gmail.com
vahagn.ohanjanyan@geek.am
turuzyanpetros@gmail.com
hakobyan.karapet91@gmail.com
dimarybalkin@gmail.com
mr.karapetyan88@gmail.com
layko.ds@gmail.com
stititiven@gmail.com
gorjulhakyan90@gmail.com
alexanderaloyan@gmail.com
arthurmn88@gmail.copm
arsen.hovhannisyan.1991@gmail.com
serg.yer@gmail.com
hello@frontjet.com
mkrtchyan.ars@gmail.com
mihbort@gmail.com
tronosactanonverba@gmail.com
mohsenazizi874@gmail.com
carlosrave@outlook.es
fercha0202@hotmail.com
valodyagalstyan89@gmail.com
gorsargsyan@live.com
khamazaspyan@gmail.com
mk.karapetyan@gmail.com
ara.hovsepian@cuponation.com
s.a.matinyan@gmail.com
4r4m.petrosyan@gmail.com
serkindmtr@gmail.com
garamian@gmail.com
eredinbg@gmail.com
davit.abgaryan@gmail.com
suren.gasparyan1997@gmail.com
vahagn.ohanjanyan@geek.am
turuzyanpetros@gmail.com
hakobyan.karapet91@gmail.com
dimarybalkin@gmail.com
mr.karapetyan88@gmail.com
layko.ds@gmail.com
stititiven@gmail.com
gorjulhakyan90@gmail.com
alexanderaloyan@gmail.com
arthurmn88@gmail.copm
arsen.hovhannisyan.1991@gmail.com
serg.yer@gmail.com
hello@frontjet.com
mkrtchyan.ars@gmail.com
mihbort@gmail.com
artpil@mail.ru
eljobemail@gmail.com
lina.hovanessian@gmail.com
pogrebnyak@icerockdev.com
tadevosyanhrach@gmail.com
karen.webdev@gmail.com
mr_rahimi@live.com
hovoqoch@gmail.com
mohammad@phoenixcomputing.io
barristers@tut.by
israelyan.rafik@gmail.com
rodriguezalejo7@gmail.com
miguelmejia99@gmail.com
alexandr.meliqyan7@gmail.com
Artur1991.25@gmail.com
gaspar@galenteryan.com
golubevDev@gmail.com
qhgoqor@yahoo.com
eyescreamxd@zero-zero.space
satenig@picsart.com
harutyun.grigoryan.job@gmail.com
sasungrig@gmail.com
dimakrash@gmail.com
marchenko.ivur@gmail.com
davidantonyan1981@hotmail.com
artiom999@gmail.com
manukyanvahe@gmail.com
vladimir.gamedev@gmail.com
kpetrosyan@iconapps.com
andx7072@gmail.com
hamtiko@gmail.com
davidzurabyan@mail.ru
haik.hovhanisyan@gmail.com
arman.andreasyan@picsart.com
aramvardanyans@gmail.com
aburikin@gmail.com
vardanian.anahit@gmail.com
lusine.abrahamyan@picsart.com
manukyansirarpi@gmail.com
jiromming@jiromm.com
v.ilinyh@gmail.com
sergstep314@gmail.com
grish@avaz.co
jromero@swat-it.co
gevorg.kopalyan@gmail.com
gormatevosyan14@gmail.com
aramayis.harutyunyan@gmail.com
kbaghdasa@gmail.com
emel.yar95@gmail.com
maximillianmor@gmail.com
mhov.99@gmail.com
vitek@vitek.tomsk.ru
vvahedandanyan@gmail.com
shavokhachatryan@gmail.com
mbaros@rambler.ru
sparikhayrapetyan@gmail.com
amir.esfahani@gmail.com
harevik85@gmail.com
gevorgian.sargis@gmail.com
andresflopez@icloud.com
rmartirosian94@gmail.com
mariamovanesyan@gmail.com
hayko.manucharyan@gmail.com
baratovakram@gmail.com
felix.virage@gmail.com
hayksim1@gmail.com
hayarm@mail.ru
armen@gap600.com
sipan.muradyan17@gmail.com
sergey.hovakimyan@gmail.com
gevorg.gevorgyan1@gmail.com
pargev2010@gmail.com
nshan.gyulyan@plexonic.com
ashotkhachatryanh@gmail.com
eprem9@gmail.com
xoren93@gmail.com
gevtiko@gmail.com
andranikasil84@gmail.com
arxangelo@mail.ru
aperyan.evgien@gmail.com
gusev_p@inbox.ru
elmirakirakosyan@gmail.com
vanik.121290@gmail.com
arshakt@gmail.com
asaturmeltonyan@gmail.com
d_a_v_o@bk.ru
afalfonsom@gmail.com
saromark@yandex.ru
hgeghamyan@gmail.com
snownoise@gmail.com
zaruhi1994@gmail.com
melikbekyang@gmail.com
aramohanyan1@gmail.com
ayervand@gmail.com
gnemtsov@gmail.com
t1mesropyan@gmail.com
narek.daghlaryan@gmail.com
admont28@gmail.com
sargsyan.taron@gmail.com
nareksahakyan26@gmail.com
amirjanyan.aren@gmail.com
goshkalinin@gmail.com
vahehasratyan@gmail.com
3dprintyerevan@gmail.com
d.isayan@gmail.com
Hello@space.am
artur@space.am
tgevorgy@gmail.com
karen.manukyan@sourcio2.com
armen.tsirunyan@gmail.com
jnsrg94@gmail.com
s.rafayel@gmail.com
artkh24@gmail.com
hgzraryan@yandex.ru
asimonyan87@gmail.com
kongres007@gmail.com
alspaladin@gmail.com
nekonekun@gmail.com
apple.williamarustamyan@gmail.com
gvgaramik@gmail.com
a.h.hovakimyan@gmail.com
elya.yeghiazaryan@gmail.com
prchaoz@gmail.com
3aklinatel@gmail.com
torosyans@gmail.com
hmouradyan@yahoo.com
hkotanjyan@gmail.com
leonardo.valencia@systemlife.com.co
nareksafaryandev@gmail.com
shushtovmasyan@gmail.com
hakobyan.iskuhi@gmail.com
tdao.evg@gmail.com
rapirapp@gmail.com
serop_33@hotmail.com
harout@luys.am
tovmasyan.tigran88@gmail.com
hayk.grigoryan.a@gmail.com
merujan99@gmail.com
ararat.yuzbashyan@gmail.com
raffiohanian13@gmail.com
bantikyan@gmail.com
email_gev@yahoo.com
juancardonaa@misena.edu.co
artur.aleksanyan89@gmail.com
gor.manucharyan@gmail.com
ingsebasalvarez@gmail.com
ivanovgrigoriinikolaevich00@gmail.com
denisne1ru@gmail.com
sergey.lakhtarin@gmail.com
alexander_fokin@symdeveloper.ru
rafiksargsyan07@gmail.com
astron1x88@gmail.com
karen.grigoryan9@gmail.com
alexander.gusev@hey.com
ashnanarev@gmail.com
tigran.maestro@gmail.com
artaktsatinyan@gmail.com
ararat.cpp@gmail.com
hrpsmmartirosyan@gmail.com
park@jaguar.am
Arthur97.rambler.ru@gmail.com
vahebab@gmail.com
gurgen.mkrtchyan@gmail.com
mariammosinyan@gmail.com
gevorgmo@gmail.com
tikosah@gmail.com
g.gevondov@gmail.com
vladimirhovsepyan@gmail.com
yabrahamian@gmail.com
biacoder@gmail.com
dmitry@stillermann.com
carolinahincapie@hotmail.com
DmitriyDekhanov@gmail.com
ceo@safanlab.com
vazgen.barseghyan@yahoo.com
ham@preezma.com
mbaghinyan@gmail.com
karen.shirvanyan@yahoo.com
aharon.smbatyan@gmail.com
a1367h@gmail.com
xustup@gmail.com
larrybekchyan@gmail.com
ed.harut@gmail.com
natepo4ty@gmail.com
nmusakhanyan@gmail.com
beco-13@hotmail.com
aram.bagdo@gmail.com
ravil@partof.team
rabdulatipoff@gmail.com
arthurmelkonyan@gmail.com
hpbuko@gmail.com
davabgaryan@gmail.com
h.matevosyan@yahoo.com
asata91@gmail.com
sergey@pimenov.am
viken@europe.com
759223@gmail.com
artyom.gharibyan@spiritofsoft.com
stereoshoots@gmail.com
karenmanukyan55@hotmail.com
anna.lalazarian@gmail.com
lxsoroosh@gmail.com
cristianmarce6@hotmail.com
juancallejasduque@gmail.com
vasily@leadconsulting.ru
hayk.ghukasyan@gmail.com
warmanw@gmail.com
arkadytv@gmail.com
veloxpro@gmail.com
konstantin.akushev@gmail.com
public@datacoon.io
vladimir@lalayan.dev
gogjhan@gmail.com
vsurjaninov@gmail.com
vahagn.podosyan@gmail.com
rsppv.av@gmail.com
tigranhovhannisyan55@yahoo.com
gabrielyansuren@gmail.com
karen.gharibyan@gmail.com
antaranian@gmail.com
majid4466@gmail.com
vgevorgyan@vtgsoftware.com
alexey@bobyakov.org
gim6626@gmail.com
german.gonzo@gmail.com
vahan@margaryan.info
vlozhkin@gmail.com
marina.melkonyan@gmail.com
github@amlor.at
me@stendec.me
bmvinson@gmail.com
siteroller+github@gmail.com
mazgroupid@yahoo.com
mavericks@rocketmavericks.com
vsirovatsky@gmail.com
hallowname@gmail.com
gpmooremd@gmail.com
morphius.faydal@gmail.com
ksmith@centricle.com
nzographos@gmail.com
tedroche@tedroche.com
joel@joelclark.dev
CeltrenicDesigns@gmail.com
nvoorhies@gmail.com
cforcey@me.com
chris.schumann@gmail.com
jyoung1024@gmail.com
jmt@ieee.org
juampirodriguez@gmail.com
johndapps@gmail.com
bdespres@gmail.com
jorgevaldez@gmail.com
edvina@gmail.com
eyesofaraven@gmail.com
artgoldberg@gmail.com
rafael@securedocs.com
erik.engbrecht@gmail.com
timhenrion@gmail.com
kamaumalone@gmail.com
mark@nostromo.net
danielmlord@gmail.com
Razerthorne@Live.Com
steinmh@gmail.com
Mr.Ross.Penny@Gmail.Com
greggoodwin@me.com
andy@andyknight.com
schapirama@gmail.com
c60ahvqm@duck.com
rawwebdesign@gmail.com
bearcat@felinesoul.studio
markalanj@gmail.com
lindsay@tsmworks.com
n@freshpursuits.com
jeremy.heslop@gmail.com
TagirTheGreat@gmail.com
russell.wark@gmail.com
jofu@jofu.com
lenyabloko@gmail.com
brian@groundsignal.com
greg+github@norz.net
peter.swietoslawski@me.com
jrcowboy79@gmail.com
MikePark.rb@GMail.com
ksmith@engineyard.com
penguin2774@gmail.com
dev@adelphus.com
gundakiran@gmail.com
rfunk@funknet.net
steve@dahammer.net
darrin.tisdale@gmail.com
LarryTX@outlook.com
imonroe@kde.org
shire@tekrat.com
eric@ericholsinger.com
sheuer@int42.org
michael.couillard@vtinfo.com
james@fairladymedia.com
chris.parrish@swankinnovations.com
ahz0123@mail.ecu.edu
mark.scott@mail.com
deviantjoe@gmail.com
andypflueger@gmail.com
pottsdl@gmail.com
tyler@idyle.net
kuznecov.alexey@gmail.com
jtaylor@cs.stanford.edu
github@jhuntassociates.com
jeffreydhorn@gmail.com
alexander.klimashevskiy@gmail.com
jccovey@gmail.com
phoenixtoday@gmail.com
shree@racchabanda.com
js2112@gmail.com
eymiha@gmail.com
tbye@tbye.com
todd@cloudconcepts.com
natejohnson@cox.net
jr@urnet.org
Carlos.Castillo@idt.net
jcaveman@github.com
damian@damianhall.net
kai.gradert@gmail.com
jaever@gmail.com
david@sandey-family.com
kevin.kaiyen.wu@gmail.com
jja@sinequanon.net
clauver@idgcommunications.com
ryan.lists.warpshare@gmail.com
ken@kencausey.com
artemisdiscovery@me.com
thomasbohmbach@gmail.com
nick.whitt@protonmail.com
luis.strano@intel.com
coutu@snowy-owl.com
speak@gibberish.cyou
brett@neumeier.us
kevin@phunc.com
reynoldsmike@gmail.com
jkleindl@gmail.com
pete@deffendol.org
jj.parker@trms.com
damir@webteh.us
nathan.price@gmail.com
paulrday@gmail.com
alex.portnov@gmail.com
joh@dev.geek.nz
acolomba@gmail.com
juggler@gmail.com
luc@codedynamic.us
grady@wordparts.com
tom@tomandlisa.us
eki@vying.org
andres@paglayan.com
jeremy.despain@gmail.com
doug@jdouglashall.com
dan.neumeyer@indystar.com
Matt@Dreamsbook.com
doug.evenhouse+github@gmail.com
SWolfeNI8W@gmail.com
hithere@colinmatthias.com
captjones@gmail.com
spencer.r.hall@protonmail.com
github@wheresmysocks.net
patrickcteng@gmail.com
cory_key@discovery.com
javier.ivern@gmail.com
ryan@gobalistik.com
mmiles2@gmail.com
csherbak@gmail.com
